#
# There is insufficient memory for the Java Runtime Environment to continue.
# Native memory allocation (malloc) failed to allocate 1615856 bytes for Chunk::new
# Possible reasons:
#   The system is out of physical RAM or swap space
#   The process is running with CompressedOops enabled, and the Java Heap may be blocking the growth of the native heap
# Possible solutions:
#   Reduce memory load on the system
#   Increase physical memory or swap space
#   Check if swap backing store is full
#   Decrease Java heap size (-Xmx/-Xms)
#   Decrease number of Java threads
#   Decrease Java thread stack sizes (-Xss)
#   Set larger code cache with -XX:ReservedCodeCacheSize=
#   JVM is running with Unscaled Compressed Oops mode in which the Java heap is
#     placed in the first 4GB address space. The Java Heap base address is the
#     maximum limit for the native heap growth. Please use -XX:HeapBaseMinAddress
#     to set the Java Heap base and to place the Java Heap above 4GB virtual address.
# This output file may be truncated or incomplete.
#
#  Out of Memory Error (arena.cpp:189), pid=11424, tid=16828
#
# JRE version: OpenJDK Runtime Environment Temurin-17.0.8.1+1 (17.0.8.1+1) (build 17.0.8.1+1)
# Java VM: OpenJDK 64-Bit Server VM Temurin-17.0.8.1+1 (17.0.8.1+1, mixed mode, tiered, compressed oops, compressed class ptrs, parallel gc, windows-amd64)
# No core dump will be written. Minidumps are not enabled by default on client versions of Windows
#

---------------  S U M M A R Y ------------

Command Line: --add-modules=ALL-SYSTEM --add-opens=java.base/java.util=ALL-UNNAMED --add-opens=java.base/java.lang=ALL-UNNAMED --add-opens=java.base/sun.nio.fs=ALL-UNNAMED -Declipse.application=org.eclipse.jdt.ls.core.id1 -Dosgi.bundles.defaultStartLevel=4 -Declipse.product=org.eclipse.jdt.ls.core.product -Djava.import.generatesMetadataFilesAtProjectRoot=false -Dfile.encoding=utf8 -XX:+UseParallelGC -XX:GCTimeRatio=4 -XX:AdaptiveSizePolicyWeight=90 -Dsun.zip.disableMemoryMapping=true -Xmx1G -Xms100m -Xlog:disable -javaagent:c:\Users\Kuniu\.vscode\extensions\redhat.java-1.22.1-win32-x64\lombok\lombok-1.18.28.jar -XX:+HeapDumpOnOutOfMemoryError -XX:HeapDumpPath=c:\Users\Kuniu\AppData\Roaming\Code\User\workspaceStorage\64320ed83e70c17086abde906632f261\redhat.java -Daether.dependencyCollector.impl=bf c:\Users\Kuniu\.vscode\extensions\redhat.java-1.22.1-win32-x64\server\plugins\org.eclipse.equinox.launcher_1.6.500.v20230717-2134.jar -configuration c:\Users\Kuniu\AppData\Roaming\Code\User\globalStorage\redhat.java\1.22.1\config_win -data c:\Users\Kuniu\AppData\Roaming\Code\User\workspaceStorage\64320ed83e70c17086abde906632f261\redhat.java\jdt_ws

Host: Intel(R) Core(TM) i7-10750H CPU @ 2.60GHz, 12 cores, 7G,  Windows 11 , 64 bit Build 22621 (10.0.22621.2215)
Time: Thu Sep 21 22:21:44 2023 SE Asia Standard Time elapsed time: 11.627644 seconds (0d 0h 0m 11s)

---------------  T H R E A D  ---------------

Current thread (0x000002c3fe342f40):  JavaThread "C2 CompilerThread0" daemon [_thread_in_native, id=16828, stack(0x000000dfbcd00000,0x000000dfbce00000)]


Current CompileTask:
C2:  11627 3785       4       org.objectweb.asm.ClassReader::readMethod (1066 bytes)

Stack: [0x000000dfbcd00000,0x000000dfbce00000]
Native frames: (J=compiled Java code, j=interpreted, Vv=VM code, C=native code)
V  [jvm.dll+0x678b0a]
V  [jvm.dll+0x835e84]
V  [jvm.dll+0x83762e]
V  [jvm.dll+0x837c93]
V  [jvm.dll+0x24746f]
V  [jvm.dll+0xac20c]
V  [jvm.dll+0xac7dc]
V  [jvm.dll+0x365c52]
V  [jvm.dll+0x1bd012]
V  [jvm.dll+0x219d49]
V  [jvm.dll+0x219011]
V  [jvm.dll+0x1a534d]
V  [jvm.dll+0x228d8a]
V  [jvm.dll+0x226dcc]
V  [jvm.dll+0x7ec09b]
V  [jvm.dll+0x7e64ca]
V  [jvm.dll+0x677955]
C  [ucrtbase.dll+0x29363]
C  [KERNEL32.DLL+0x1257d]
C  [ntdll.dll+0x5aa68]


---------------  P R O C E S S  ---------------

Threads class SMR info:
_java_thread_list=0x000002c384c1e210, length=35, elements={
0x000002c3e91ea400, 0x000002c3fd059bc0, 0x000002c3fd05ae30, 0x000002c3fe32df20,
0x000002c3fe32e8f0, 0x000002c3fe330c10, 0x000002c3fe336980, 0x000002c3fe342f40,
0x000002c3fe345520, 0x000002c3fe335a50, 0x000002c3fe336e90, 0x000002c3fe335f60,
0x000002c3fe336470, 0x000002c3fe3373a0, 0x000002c3fe337dc0, 0x000002c3fe3382d0,
0x000002c3fe334b20, 0x000002c3fe335540, 0x000002c3fe335030, 0x000002c3848fe160,
0x000002c3848fb8e0, 0x000002c3848fe670, 0x000002c3848fcd20, 0x000002c3848fdc50,
0x000002c3848f9a80, 0x000002c3848feb80, 0x000002c3848ff090, 0x000002c3848f9570,
0x000002c3848ffab0, 0x000002c3848fd230, 0x000002c3848ff5a0, 0x000002c3848faec0,
0x000002c3849004d0, 0x000002c3848fffc0, 0x000002c3848fb3d0
}

Java Threads: ( => current thread )
  0x000002c3e91ea400 JavaThread "main" [_thread_blocked, id=2572, stack(0x000000dfbc400000,0x000000dfbc500000)]
  0x000002c3fd059bc0 JavaThread "Reference Handler" daemon [_thread_blocked, id=23372, stack(0x000000dfbc700000,0x000000dfbc800000)]
  0x000002c3fd05ae30 JavaThread "Finalizer" daemon [_thread_blocked, id=21152, stack(0x000000dfbc800000,0x000000dfbc900000)]
  0x000002c3fe32df20 JavaThread "Signal Dispatcher" daemon [_thread_blocked, id=23388, stack(0x000000dfbc900000,0x000000dfbca00000)]
  0x000002c3fe32e8f0 JavaThread "Attach Listener" daemon [_thread_blocked, id=6700, stack(0x000000dfbca00000,0x000000dfbcb00000)]
  0x000002c3fe330c10 JavaThread "Service Thread" daemon [_thread_blocked, id=22576, stack(0x000000dfbcb00000,0x000000dfbcc00000)]
  0x000002c3fe336980 JavaThread "Monitor Deflation Thread" daemon [_thread_blocked, id=5764, stack(0x000000dfbcc00000,0x000000dfbcd00000)]
=>0x000002c3fe342f40 JavaThread "C2 CompilerThread0" daemon [_thread_in_native, id=16828, stack(0x000000dfbcd00000,0x000000dfbce00000)]
  0x000002c3fe345520 JavaThread "C1 CompilerThread0" daemon [_thread_in_vm, id=6552, stack(0x000000dfbce00000,0x000000dfbcf00000)]
  0x000002c3fe335a50 JavaThread "Sweeper thread" daemon [_thread_blocked, id=6764, stack(0x000000dfbcf00000,0x000000dfbd000000)]
  0x000002c3fe336e90 JavaThread "Common-Cleaner" daemon [_thread_blocked, id=22456, stack(0x000000dfbd000000,0x000000dfbd100000)]
  0x000002c3fe335f60 JavaThread "Notification Thread" daemon [_thread_blocked, id=18188, stack(0x000000dfbd200000,0x000000dfbd300000)]
  0x000002c3fe336470 JavaThread "Equinox resolver thread - Equinox Container: c3101da5-be1e-4e96-9eb6-88dbc2f7078b" daemon [_thread_blocked, id=5140, stack(0x000000dfbd100000,0x000000dfbd200000)]
  0x000002c3fe3373a0 JavaThread "Equinox resolver thread - Equinox Container: c3101da5-be1e-4e96-9eb6-88dbc2f7078b" daemon [_thread_blocked, id=21276, stack(0x000000dfbda00000,0x000000dfbdb00000)]
  0x000002c3fe337dc0 JavaThread "Equinox resolver thread - Equinox Container: c3101da5-be1e-4e96-9eb6-88dbc2f7078b" daemon [_thread_blocked, id=17200, stack(0x000000dfbdb00000,0x000000dfbdc00000)]
  0x000002c3fe3382d0 JavaThread "Equinox resolver thread - Equinox Container: c3101da5-be1e-4e96-9eb6-88dbc2f7078b" daemon [_thread_blocked, id=8736, stack(0x000000dfbdc00000,0x000000dfbdd00000)]
  0x000002c3fe334b20 JavaThread "Equinox resolver thread - Equinox Container: c3101da5-be1e-4e96-9eb6-88dbc2f7078b" daemon [_thread_blocked, id=21424, stack(0x000000dfbdd00000,0x000000dfbde00000)]
  0x000002c3fe335540 JavaThread "Equinox resolver thread - Equinox Container: c3101da5-be1e-4e96-9eb6-88dbc2f7078b" daemon [_thread_blocked, id=19336, stack(0x000000dfbde00000,0x000000dfbdf00000)]
  0x000002c3fe335030 JavaThread "Active Thread: Equinox Container: c3101da5-be1e-4e96-9eb6-88dbc2f7078b" [_thread_blocked, id=22128, stack(0x000000dfbdf00000,0x000000dfbe000000)]
  0x000002c3848fe160 JavaThread "Framework Event Dispatcher: Equinox Container: c3101da5-be1e-4e96-9eb6-88dbc2f7078b" daemon [_thread_blocked, id=21832, stack(0x000000dfbe000000,0x000000dfbe100000)]
  0x000002c3848fb8e0 JavaThread "Start Level: Equinox Container: c3101da5-be1e-4e96-9eb6-88dbc2f7078b" daemon [_thread_in_Java, id=18180, stack(0x000000dfbe100000,0x000000dfbe200000)]
  0x000002c3848fe670 JavaThread "Refresh Thread: Equinox Container: c3101da5-be1e-4e96-9eb6-88dbc2f7078b" daemon [_thread_blocked, id=14364, stack(0x000000dfbe300000,0x000000dfbe400000)]
  0x000002c3848fcd20 JavaThread "Equinox resolver thread - Equinox Container: c3101da5-be1e-4e96-9eb6-88dbc2f7078b" daemon [_thread_blocked, id=17328, stack(0x000000dfbe400000,0x000000dfbe500000)]
  0x000002c3848fdc50 JavaThread "Equinox resolver thread - Equinox Container: c3101da5-be1e-4e96-9eb6-88dbc2f7078b" daemon [_thread_blocked, id=9060, stack(0x000000dfbe500000,0x000000dfbe600000)]
  0x000002c3848f9a80 JavaThread "Equinox resolver thread - Equinox Container: c3101da5-be1e-4e96-9eb6-88dbc2f7078b" daemon [_thread_blocked, id=23020, stack(0x000000dfbe600000,0x000000dfbe700000)]
  0x000002c3848feb80 JavaThread "Equinox resolver thread - Equinox Container: c3101da5-be1e-4e96-9eb6-88dbc2f7078b" daemon [_thread_blocked, id=20252, stack(0x000000dfbe700000,0x000000dfbe800000)]
  0x000002c3848ff090 JavaThread "Equinox resolver thread - Equinox Container: c3101da5-be1e-4e96-9eb6-88dbc2f7078b" daemon [_thread_blocked, id=22552, stack(0x000000dfbe800000,0x000000dfbe900000)]
  0x000002c3848f9570 JavaThread "Equinox resolver thread - Equinox Container: c3101da5-be1e-4e96-9eb6-88dbc2f7078b" daemon [_thread_blocked, id=1404, stack(0x000000dfbe900000,0x000000dfbea00000)]
  0x000002c3848ffab0 JavaThread "Bundle File Closer" daemon [_thread_blocked, id=9472, stack(0x000000dfbea00000,0x000000dfbeb00000)]
  0x000002c3848fd230 JavaThread "SCR Component Actor" daemon [_thread_blocked, id=11792, stack(0x000000dfbee00000,0x000000dfbef00000)]
  0x000002c3848ff5a0 JavaThread "SCR Component Registry" daemon [_thread_blocked, id=22604, stack(0x000000dfbef00000,0x000000dfbf000000)]
  0x000002c3848faec0 JavaThread "Worker-JM" [_thread_blocked, id=9300, stack(0x000000dfbf000000,0x000000dfbf100000)]
  0x000002c3849004d0 JavaThread "Worker-0" [_thread_blocked, id=21948, stack(0x000000dfbf100000,0x000000dfbf200000)]
  0x000002c3848fffc0 JavaThread "Worker-1" [_thread_blocked, id=5540, stack(0x000000dfbeb00000,0x000000dfbec00000)]
  0x000002c3848fb3d0 JavaThread "Java indexing" daemon [_thread_blocked, id=8964, stack(0x000000dfbf200000,0x000000dfbf300000)]

Other Threads:
  0x000002c3e929da40 VMThread "VM Thread" [stack: 0x000000dfbc600000,0x000000dfbc700000] [id=23460]
  0x000002c3840a0750 WatcherThread [stack: 0x000000dfbd300000,0x000000dfbd400000] [id=21688]
  0x000002c3e9200ef0 GCTaskThread "GC Thread#0" [stack: 0x000000dfbc500000,0x000000dfbc600000] [id=9496]
  0x000002c3846cb420 GCTaskThread "GC Thread#1" [stack: 0x000000dfbd400000,0x000000dfbd500000] [id=9384]
  0x000002c3846cb6e0 GCTaskThread "GC Thread#2" [stack: 0x000000dfbd500000,0x000000dfbd600000] [id=7648]
  0x000002c3842b1e30 GCTaskThread "GC Thread#3" [stack: 0x000000dfbd600000,0x000000dfbd700000] [id=23216]
  0x000002c3842b20f0 GCTaskThread "GC Thread#4" [stack: 0x000000dfbd700000,0x000000dfbd800000] [id=12088]
  0x000002c3846cdc20 GCTaskThread "GC Thread#5" [stack: 0x000000dfbd800000,0x000000dfbd900000] [id=20652]
  0x000002c38472b400 GCTaskThread "GC Thread#6" [stack: 0x000000dfbd900000,0x000000dfbda00000] [id=4840]
  0x000002c384940bd0 GCTaskThread "GC Thread#7" [stack: 0x000000dfbe200000,0x000000dfbe300000] [id=15464]
  0x000002c38512f870 GCTaskThread "GC Thread#8" [stack: 0x000000dfbec00000,0x000000dfbed00000] [id=17828]
  0x000002c3849ec5a0 GCTaskThread "GC Thread#9" [stack: 0x000000dfbed00000,0x000000dfbee00000] [id=23252]

Threads with active compile tasks:
C2 CompilerThread0    11648 3785       4       org.objectweb.asm.ClassReader::readMethod (1066 bytes)

VM state: not at safepoint (normal execution)

VM Mutex/Monitor currently owned by a thread: None

Heap address: 0x00000000c0000000, size: 1024 MB, Compressed Oops mode: 32-bit

CDS archive(s) not mapped
Compressed class space mapped at: 0x0000000100000000-0x0000000140000000, reserved size: 1073741824
Narrow klass base: 0x0000000000000000, Narrow klass shift: 3, Narrow klass range: 0x140000000

GC Precious Log:
 CPUs: 12 total, 12 available
 Memory: 8059M
 Large Page Support: Disabled
 NUMA Support: Disabled
 Compressed Oops: Enabled (32-bit)
 Alignments: Space 512K, Generation 512K, Heap 2M
 Heap Min Capacity: 100M
 Heap Initial Capacity: 100M
 Heap Max Capacity: 1G
 Pre-touch: Disabled
 Parallel Workers: 10

Heap:
 PSYoungGen      total 28160K, used 23612K [0x00000000eab00000, 0x00000000ecc00000, 0x0000000100000000)
  eden space 23552K, 80% used [0x00000000eab00000,0x00000000ebd907b0,0x00000000ec200000)
  from space 4608K, 99% used [0x00000000ec280000,0x00000000ec6feac0,0x00000000ec700000)
  to   space 5120K, 0% used [0x00000000ec700000,0x00000000ec700000,0x00000000ecc00000)
 ParOldGen       total 68608K, used 11549K [0x00000000c0000000, 0x00000000c4300000, 0x00000000eab00000)
  object space 68608K, 16% used [0x00000000c0000000,0x00000000c0b47720,0x00000000c4300000)
 Metaspace       used 32160K, committed 32768K, reserved 1114112K
  class space    used 3127K, committed 3392K, reserved 1048576K

Card table byte_map: [0x000002c3e8b80000,0x000002c3e8d90000] _byte_map_base: 0x000002c3e8580000

Marking Bits: (ParMarkBitMap*) 0x00007ffa18af83a0
 Begin Bits: [0x000002c3fae60000, 0x000002c3fbe60000)
 End Bits:   [0x000002c3fbe60000, 0x000002c3fce60000)

Polling page: 0x000002c3e71a0000

Metaspace:

Usage:
  Non-class:     28.35 MB used.
      Class:      3.05 MB used.
       Both:     31.41 MB used.

Virtual space:
  Non-class space:       64.00 MB reserved,      28.69 MB ( 45%) committed,  1 nodes.
      Class space:        1.00 GB reserved,       3.31 MB ( <1%) committed,  1 nodes.
             Both:        1.06 GB reserved,      32.00 MB (  3%) committed. 

Chunk freelists:
   Non-Class:  3.13 MB
       Class:  12.66 MB
        Both:  15.79 MB

MaxMetaspaceSize: unlimited
CompressedClassSpaceSize: 1.00 GB
Initial GC threshold: 21.00 MB
Current GC threshold: 35.00 MB
CDS: off
MetaspaceReclaimPolicy: balanced
 - commit_granule_bytes: 65536.
 - commit_granule_words: 8192.
 - virtual_space_node_default_size: 8388608.
 - enlarge_chunks_in_place: 1.
 - new_chunks_are_fully_committed: 0.
 - uncommit_free_chunks: 1.
 - use_allocation_guard: 0.
 - handle_deallocations: 1.


Internal statistics:

num_allocs_failed_limit: 3.
num_arena_births: 324.
num_arena_deaths: 0.
num_vsnodes_births: 2.
num_vsnodes_deaths: 0.
num_space_committed: 512.
num_space_uncommitted: 0.
num_chunks_returned_to_freelist: 3.
num_chunks_taken_from_freelist: 1213.
num_chunk_merges: 3.
num_chunk_splits: 825.
num_chunks_enlarged: 595.
num_inconsistent_stats: 0.

CodeHeap 'non-profiled nmethods': size=120000Kb used=1574Kb max_used=1574Kb free=118425Kb
 bounds [0x000002c3f3930000, 0x000002c3f3ba0000, 0x000002c3fae60000]
CodeHeap 'profiled nmethods': size=120000Kb used=8391Kb max_used=8391Kb free=111609Kb
 bounds [0x000002c3ebe60000, 0x000002c3ec6a0000, 0x000002c3f3390000]
CodeHeap 'non-nmethods': size=5760Kb used=1248Kb max_used=1262Kb free=4511Kb
 bounds [0x000002c3f3390000, 0x000002c3f3600000, 0x000002c3f3930000]
 total_blobs=4420 nmethods=3857 adapters=477
 compilation: enabled
              stopped_count=0, restarted_count=0
 full_count=0

Compilation events (20 events):
Event: 11.515 Thread 0x000002c3fe345520 3841       3       java.util.TreeMap::put (8 bytes)
Event: 11.515 Thread 0x000002c3fe345520 nmethod 3841 0x000002c3ec684b90 code [0x000002c3ec684d20, 0x000002c3ec684e68]
Event: 11.552 Thread 0x000002c3fe345520 3847       3       sun.security.provider.SHA::implCompress0 (506 bytes)
Event: 11.552 Thread 0x000002c3fe345520 nmethod 3847 0x000002c3ec684f10 code [0x000002c3ec685120, 0x000002c3ec685b28]
Event: 11.553 Thread 0x000002c3fe345520 3848   !   3       java.nio.charset.Charset::defaultCharset (53 bytes)
Event: 11.553 Thread 0x000002c3fe345520 nmethod 3848 0x000002c3ec686010 code [0x000002c3ec6862c0, 0x000002c3ec687038]
Event: 11.553 Thread 0x000002c3fe345520 3849       3       sun.security.provider.SHA::implCompress (13 bytes)
Event: 11.553 Thread 0x000002c3fe345520 nmethod 3849 0x000002c3ec687590 code [0x000002c3ec687780, 0x000002c3ec687bc8]
Event: 11.553 Thread 0x000002c3fe345520 3850       3       sun.security.provider.SHA::implCompressCheck (27 bytes)
Event: 11.553 Thread 0x000002c3fe345520 nmethod 3850 0x000002c3ec687d90 code [0x000002c3ec687f60, 0x000002c3ec688318]
Event: 11.604 Thread 0x000002c3fe345520 3851       3       sun.nio.fs.WindowsPath::<init> (26 bytes)
Event: 11.605 Thread 0x000002c3fe345520 nmethod 3851 0x000002c3ec688490 code [0x000002c3ec688620, 0x000002c3ec6887d8]
Event: 11.608 Thread 0x000002c3fe345520 3852       3       java.security.MessageDigest::update (14 bytes)
Event: 11.608 Thread 0x000002c3fe345520 nmethod 3852 0x000002c3ec688890 code [0x000002c3ec688a40, 0x000002c3ec688d08]
Event: 11.611 Thread 0x000002c3fe345520 3854       3       java.lang.String::encodeUTF8 (141 bytes)
Event: 11.612 Thread 0x000002c3fe345520 nmethod 3854 0x000002c3ec688e90 code [0x000002c3ec6890a0, 0x000002c3ec6895d8]
Event: 11.612 Thread 0x000002c3fe345520 3853       3       java.lang.String::getBytes (15 bytes)
Event: 11.612 Thread 0x000002c3fe345520 nmethod 3853 0x000002c3ec689790 code [0x000002c3ec689940, 0x000002c3ec689b38]
Event: 11.616 Thread 0x000002c3fe345520 3855       3       sun.nio.fs.WindowsFileAttributes::<init> (57 bytes)
Event: 11.616 Thread 0x000002c3fe345520 nmethod 3855 0x000002c3ec689c10 code [0x000002c3ec689da0, 0x000002c3ec689f38]

GC Heap History (20 events):
Event: 1.098 GC heap before
{Heap before GC invocations=1 (full 0):
 PSYoungGen      total 29696K, used 25600K [0x00000000eab00000, 0x00000000ecc00000, 0x0000000100000000)
  eden space 25600K, 100% used [0x00000000eab00000,0x00000000ec400000,0x00000000ec400000)
  from space 4096K, 0% used [0x00000000ec800000,0x00000000ec800000,0x00000000ecc00000)
  to   space 4096K, 0% used [0x00000000ec400000,0x00000000ec400000,0x00000000ec800000)
 ParOldGen       total 68608K, used 0K [0x00000000c0000000, 0x00000000c4300000, 0x00000000eab00000)
  object space 68608K, 0% used [0x00000000c0000000,0x00000000c0000000,0x00000000c4300000)
 Metaspace       used 11242K, committed 11392K, reserved 1114112K
  class space    used 1131K, committed 1216K, reserved 1048576K
}
Event: 1.118 GC heap after
{Heap after GC invocations=1 (full 0):
 PSYoungGen      total 29696K, used 3151K [0x00000000eab00000, 0x00000000ecc00000, 0x0000000100000000)
  eden space 25600K, 0% used [0x00000000eab00000,0x00000000eab00000,0x00000000ec400000)
  from space 4096K, 76% used [0x00000000ec400000,0x00000000ec713db0,0x00000000ec800000)
  to   space 4096K, 0% used [0x00000000ec800000,0x00000000ec800000,0x00000000ecc00000)
 ParOldGen       total 68608K, used 16K [0x00000000c0000000, 0x00000000c4300000, 0x00000000eab00000)
  object space 68608K, 0% used [0x00000000c0000000,0x00000000c0004000,0x00000000c4300000)
 Metaspace       used 11242K, committed 11392K, reserved 1114112K
  class space    used 1131K, committed 1216K, reserved 1048576K
}
Event: 4.869 GC heap before
{Heap before GC invocations=2 (full 0):
 PSYoungGen      total 29696K, used 28751K [0x00000000eab00000, 0x00000000ecc00000, 0x0000000100000000)
  eden space 25600K, 100% used [0x00000000eab00000,0x00000000ec400000,0x00000000ec400000)
  from space 4096K, 76% used [0x00000000ec400000,0x00000000ec713db0,0x00000000ec800000)
  to   space 4096K, 0% used [0x00000000ec800000,0x00000000ec800000,0x00000000ecc00000)
 ParOldGen       total 68608K, used 16K [0x00000000c0000000, 0x00000000c4300000, 0x00000000eab00000)
  object space 68608K, 0% used [0x00000000c0000000,0x00000000c0004000,0x00000000c4300000)
 Metaspace       used 14143K, committed 14336K, reserved 1114112K
  class space    used 1415K, committed 1472K, reserved 1048576K
}
Event: 4.874 GC heap after
{Heap after GC invocations=2 (full 0):
 PSYoungGen      total 29696K, used 4065K [0x00000000eab00000, 0x00000000ecc00000, 0x0000000100000000)
  eden space 25600K, 0% used [0x00000000eab00000,0x00000000eab00000,0x00000000ec400000)
  from space 4096K, 99% used [0x00000000ec800000,0x00000000ecbf8530,0x00000000ecc00000)
  to   space 4096K, 0% used [0x00000000ec400000,0x00000000ec400000,0x00000000ec800000)
 ParOldGen       total 68608K, used 1131K [0x00000000c0000000, 0x00000000c4300000, 0x00000000eab00000)
  object space 68608K, 1% used [0x00000000c0000000,0x00000000c011aed8,0x00000000c4300000)
 Metaspace       used 14143K, committed 14336K, reserved 1114112K
  class space    used 1415K, committed 1472K, reserved 1048576K
}
Event: 5.198 GC heap before
{Heap before GC invocations=3 (full 0):
 PSYoungGen      total 29696K, used 29665K [0x00000000eab00000, 0x00000000ecc00000, 0x0000000100000000)
  eden space 25600K, 100% used [0x00000000eab00000,0x00000000ec400000,0x00000000ec400000)
  from space 4096K, 99% used [0x00000000ec800000,0x00000000ecbf8530,0x00000000ecc00000)
  to   space 4096K, 0% used [0x00000000ec400000,0x00000000ec400000,0x00000000ec800000)
 ParOldGen       total 68608K, used 1131K [0x00000000c0000000, 0x00000000c4300000, 0x00000000eab00000)
  object space 68608K, 1% used [0x00000000c0000000,0x00000000c011aed8,0x00000000c4300000)
 Metaspace       used 14605K, committed 14848K, reserved 1114112K
  class space    used 1447K, committed 1536K, reserved 1048576K
}
Event: 5.205 GC heap after
{Heap after GC invocations=3 (full 0):
 PSYoungGen      total 29696K, used 4080K [0x00000000eab00000, 0x00000000ecc00000, 0x0000000100000000)
  eden space 25600K, 0% used [0x00000000eab00000,0x00000000eab00000,0x00000000ec400000)
  from space 4096K, 99% used [0x00000000ec400000,0x00000000ec7fc2d0,0x00000000ec800000)
  to   space 4096K, 0% used [0x00000000ec800000,0x00000000ec800000,0x00000000ecc00000)
 ParOldGen       total 68608K, used 7649K [0x00000000c0000000, 0x00000000c4300000, 0x00000000eab00000)
  object space 68608K, 11% used [0x00000000c0000000,0x00000000c0778718,0x00000000c4300000)
 Metaspace       used 14605K, committed 14848K, reserved 1114112K
  class space    used 1447K, committed 1536K, reserved 1048576K
}
Event: 9.891 GC heap before
{Heap before GC invocations=4 (full 0):
 PSYoungGen      total 29696K, used 29666K [0x00000000eab00000, 0x00000000ecc00000, 0x0000000100000000)
  eden space 25600K, 99% used [0x00000000eab00000,0x00000000ec3fc8d8,0x00000000ec400000)
  from space 4096K, 99% used [0x00000000ec400000,0x00000000ec7fc2d0,0x00000000ec800000)
  to   space 4096K, 0% used [0x00000000ec800000,0x00000000ec800000,0x00000000ecc00000)
 ParOldGen       total 68608K, used 7649K [0x00000000c0000000, 0x00000000c4300000, 0x00000000eab00000)
  object space 68608K, 11% used [0x00000000c0000000,0x00000000c0778718,0x00000000c4300000)
 Metaspace       used 16737K, committed 17024K, reserved 1114112K
  class space    used 1671K, committed 1792K, reserved 1048576K
}
Event: 9.899 GC heap after
{Heap after GC invocations=4 (full 0):
 PSYoungGen      total 29696K, used 4088K [0x00000000eab00000, 0x00000000ecc00000, 0x0000000100000000)
  eden space 25600K, 0% used [0x00000000eab00000,0x00000000eab00000,0x00000000ec400000)
  from space 4096K, 99% used [0x00000000ec800000,0x00000000ecbfe148,0x00000000ecc00000)
  to   space 4096K, 0% used [0x00000000ec400000,0x00000000ec400000,0x00000000ec800000)
 ParOldGen       total 68608K, used 9730K [0x00000000c0000000, 0x00000000c4300000, 0x00000000eab00000)
  object space 68608K, 14% used [0x00000000c0000000,0x00000000c0980880,0x00000000c4300000)
 Metaspace       used 16737K, committed 17024K, reserved 1114112K
  class space    used 1671K, committed 1792K, reserved 1048576K
}
Event: 10.407 GC heap before
{Heap before GC invocations=5 (full 0):
 PSYoungGen      total 29696K, used 29688K [0x00000000eab00000, 0x00000000ecc00000, 0x0000000100000000)
  eden space 25600K, 100% used [0x00000000eab00000,0x00000000ec400000,0x00000000ec400000)
  from space 4096K, 99% used [0x00000000ec800000,0x00000000ecbfe148,0x00000000ecc00000)
  to   space 4096K, 0% used [0x00000000ec400000,0x00000000ec400000,0x00000000ec800000)
 ParOldGen       total 68608K, used 9730K [0x00000000c0000000, 0x00000000c4300000, 0x00000000eab00000)
  object space 68608K, 14% used [0x00000000c0000000,0x00000000c0980880,0x00000000c4300000)
 Metaspace       used 20632K, committed 21056K, reserved 1114112K
  class space    used 2078K, committed 2304K, reserved 1048576K
}
Event: 10.420 GC heap after
{Heap after GC invocations=5 (full 0):
 PSYoungGen      total 29184K, used 4080K [0x00000000eab00000, 0x00000000ed080000, 0x0000000100000000)
  eden space 25088K, 0% used [0x00000000eab00000,0x00000000eab00000,0x00000000ec380000)
  from space 4096K, 99% used [0x00000000ec400000,0x00000000ec7fc348,0x00000000ec800000)
  to   space 6656K, 0% used [0x00000000eca00000,0x00000000eca00000,0x00000000ed080000)
 ParOldGen       total 68608K, used 11395K [0x00000000c0000000, 0x00000000c4300000, 0x00000000eab00000)
  object space 68608K, 16% used [0x00000000c0000000,0x00000000c0b20f28,0x00000000c4300000)
 Metaspace       used 20632K, committed 21056K, reserved 1114112K
  class space    used 2078K, committed 2304K, reserved 1048576K
}
Event: 10.451 GC heap before
{Heap before GC invocations=6 (full 0):
 PSYoungGen      total 29184K, used 6818K [0x00000000eab00000, 0x00000000ed080000, 0x0000000100000000)
  eden space 25088K, 10% used [0x00000000eab00000,0x00000000eadac518,0x00000000ec380000)
  from space 4096K, 99% used [0x00000000ec400000,0x00000000ec7fc348,0x00000000ec800000)
  to   space 6656K, 0% used [0x00000000eca00000,0x00000000eca00000,0x00000000ed080000)
 ParOldGen       total 68608K, used 11395K [0x00000000c0000000, 0x00000000c4300000, 0x00000000eab00000)
  object space 68608K, 16% used [0x00000000c0000000,0x00000000c0b20f28,0x00000000c4300000)
 Metaspace       used 21081K, committed 21504K, reserved 1114112K
  class space    used 2119K, committed 2304K, reserved 1048576K
}
Event: 10.456 GC heap after
{Heap after GC invocations=6 (full 0):
 PSYoungGen      total 29696K, used 4305K [0x00000000eab00000, 0x00000000ece80000, 0x0000000100000000)
  eden space 25088K, 0% used [0x00000000eab00000,0x00000000eab00000,0x00000000ec380000)
  from space 4608K, 93% used [0x00000000eca00000,0x00000000ece346d8,0x00000000ece80000)
  to   space 5120K, 0% used [0x00000000ec480000,0x00000000ec480000,0x00000000ec980000)
 ParOldGen       total 68608K, used 11395K [0x00000000c0000000, 0x00000000c4300000, 0x00000000eab00000)
  object space 68608K, 16% used [0x00000000c0000000,0x00000000c0b20f28,0x00000000c4300000)
 Metaspace       used 21081K, committed 21504K, reserved 1114112K
  class space    used 2119K, committed 2304K, reserved 1048576K
}
Event: 10.456 GC heap before
{Heap before GC invocations=7 (full 1):
 PSYoungGen      total 29696K, used 4305K [0x00000000eab00000, 0x00000000ece80000, 0x0000000100000000)
  eden space 25088K, 0% used [0x00000000eab00000,0x00000000eab00000,0x00000000ec380000)
  from space 4608K, 93% used [0x00000000eca00000,0x00000000ece346d8,0x00000000ece80000)
  to   space 5120K, 0% used [0x00000000ec480000,0x00000000ec480000,0x00000000ec980000)
 ParOldGen       total 68608K, used 11395K [0x00000000c0000000, 0x00000000c4300000, 0x00000000eab00000)
  object space 68608K, 16% used [0x00000000c0000000,0x00000000c0b20f28,0x00000000c4300000)
 Metaspace       used 21081K, committed 21504K, reserved 1114112K
  class space    used 2119K, committed 2304K, reserved 1048576K
}
Event: 10.473 GC heap after
{Heap after GC invocations=7 (full 1):
 PSYoungGen      total 29696K, used 0K [0x00000000eab00000, 0x00000000ece80000, 0x0000000100000000)
  eden space 25088K, 0% used [0x00000000eab00000,0x00000000eab00000,0x00000000ec380000)
  from space 4608K, 0% used [0x00000000eca00000,0x00000000eca00000,0x00000000ece80000)
  to   space 5120K, 0% used [0x00000000ec480000,0x00000000ec480000,0x00000000ec980000)
 ParOldGen       total 68608K, used 10696K [0x00000000c0000000, 0x00000000c4300000, 0x00000000eab00000)
  object space 68608K, 15% used [0x00000000c0000000,0x00000000c0a722b0,0x00000000c4300000)
 Metaspace       used 21081K, committed 21504K, reserved 1114112K
  class space    used 2119K, committed 2304K, reserved 1048576K
}
Event: 10.927 GC heap before
{Heap before GC invocations=8 (full 1):
 PSYoungGen      total 29696K, used 25088K [0x00000000eab00000, 0x00000000ece80000, 0x0000000100000000)
  eden space 25088K, 100% used [0x00000000eab00000,0x00000000ec380000,0x00000000ec380000)
  from space 4608K, 0% used [0x00000000eca00000,0x00000000eca00000,0x00000000ece80000)
  to   space 5120K, 0% used [0x00000000ec480000,0x00000000ec480000,0x00000000ec980000)
 ParOldGen       total 68608K, used 10696K [0x00000000c0000000, 0x00000000c4300000, 0x00000000eab00000)
  object space 68608K, 15% used [0x00000000c0000000,0x00000000c0a722b0,0x00000000c4300000)
 Metaspace       used 24539K, committed 25088K, reserved 1114112K
  class space    used 2490K, committed 2752K, reserved 1048576K
}
Event: 10.929 GC heap after
{Heap after GC invocations=8 (full 1):
 PSYoungGen      total 26112K, used 1458K [0x00000000eab00000, 0x00000000eca80000, 0x0000000100000000)
  eden space 24576K, 0% used [0x00000000eab00000,0x00000000eab00000,0x00000000ec300000)
  from space 1536K, 94% used [0x00000000ec480000,0x00000000ec5ec838,0x00000000ec600000)
  to   space 3072K, 0% used [0x00000000ec780000,0x00000000ec780000,0x00000000eca80000)
 ParOldGen       total 68608K, used 10704K [0x00000000c0000000, 0x00000000c4300000, 0x00000000eab00000)
  object space 68608K, 15% used [0x00000000c0000000,0x00000000c0a742b0,0x00000000c4300000)
 Metaspace       used 24539K, committed 25088K, reserved 1114112K
  class space    used 2490K, committed 2752K, reserved 1048576K
}
Event: 11.171 GC heap before
{Heap before GC invocations=9 (full 1):
 PSYoungGen      total 26112K, used 26034K [0x00000000eab00000, 0x00000000eca80000, 0x0000000100000000)
  eden space 24576K, 100% used [0x00000000eab00000,0x00000000ec300000,0x00000000ec300000)
  from space 1536K, 94% used [0x00000000ec480000,0x00000000ec5ec838,0x00000000ec600000)
  to   space 3072K, 0% used [0x00000000ec780000,0x00000000ec780000,0x00000000eca80000)
 ParOldGen       total 68608K, used 10704K [0x00000000c0000000, 0x00000000c4300000, 0x00000000eab00000)
  object space 68608K, 15% used [0x00000000c0000000,0x00000000c0a742b0,0x00000000c4300000)
 Metaspace       used 27071K, committed 27712K, reserved 1114112K
  class space    used 2749K, committed 3008K, reserved 1048576K
}
Event: 11.173 GC heap after
{Heap after GC invocations=9 (full 1):
 PSYoungGen      total 27136K, used 3058K [0x00000000eab00000, 0x00000000ecb80000, 0x0000000100000000)
  eden space 24064K, 0% used [0x00000000eab00000,0x00000000eab00000,0x00000000ec280000)
  from space 3072K, 99% used [0x00000000ec780000,0x00000000eca7c9e8,0x00000000eca80000)
  to   space 4608K, 0% used [0x00000000ec280000,0x00000000ec280000,0x00000000ec700000)
 ParOldGen       total 68608K, used 11445K [0x00000000c0000000, 0x00000000c4300000, 0x00000000eab00000)
  object space 68608K, 16% used [0x00000000c0000000,0x00000000c0b2d720,0x00000000c4300000)
 Metaspace       used 27071K, committed 27712K, reserved 1114112K
  class space    used 2749K, committed 3008K, reserved 1048576K
}
Event: 11.353 GC heap before
{Heap before GC invocations=10 (full 1):
 PSYoungGen      total 27136K, used 27122K [0x00000000eab00000, 0x00000000ecb80000, 0x0000000100000000)
  eden space 24064K, 100% used [0x00000000eab00000,0x00000000ec280000,0x00000000ec280000)
  from space 3072K, 99% used [0x00000000ec780000,0x00000000eca7c9e8,0x00000000eca80000)
  to   space 4608K, 0% used [0x00000000ec280000,0x00000000ec280000,0x00000000ec700000)
 ParOldGen       total 68608K, used 11445K [0x00000000c0000000, 0x00000000c4300000, 0x00000000eab00000)
  object space 68608K, 16% used [0x00000000c0000000,0x00000000c0b2d720,0x00000000c4300000)
 Metaspace       used 30366K, committed 31040K, reserved 1114112K
  class space    used 3003K, committed 3264K, reserved 1048576K
}
Event: 11.357 GC heap after
{Heap after GC invocations=10 (full 1):
 PSYoungGen      total 28160K, used 4602K [0x00000000eab00000, 0x00000000ecc00000, 0x0000000100000000)
  eden space 23552K, 0% used [0x00000000eab00000,0x00000000eab00000,0x00000000ec200000)
  from space 4608K, 99% used [0x00000000ec280000,0x00000000ec6feac0,0x00000000ec700000)
  to   space 5120K, 0% used [0x00000000ec700000,0x00000000ec700000,0x00000000ecc00000)
 ParOldGen       total 68608K, used 11549K [0x00000000c0000000, 0x00000000c4300000, 0x00000000eab00000)
  object space 68608K, 16% used [0x00000000c0000000,0x00000000c0b47720,0x00000000c4300000)
 Metaspace       used 30366K, committed 31040K, reserved 1114112K
  class space    used 3003K, committed 3264K, reserved 1048576K
}

Dll operation events (11 events):
Event: 0.014 Loaded shared library c:\Users\Kuniu\.vscode\extensions\redhat.java-1.22.1-win32-x64\jre\17.0.8.1-win32-x86_64\bin\java.dll
Event: 0.184 Loaded shared library c:\Users\Kuniu\.vscode\extensions\redhat.java-1.22.1-win32-x64\jre\17.0.8.1-win32-x86_64\bin\zip.dll
Event: 0.186 Loaded shared library C:\Users\Kuniu\.vscode\extensions\redhat.java-1.22.1-win32-x64\jre\17.0.8.1-win32-x86_64\bin\instrument.dll
Event: 0.231 Loaded shared library C:\Users\Kuniu\.vscode\extensions\redhat.java-1.22.1-win32-x64\jre\17.0.8.1-win32-x86_64\bin\net.dll
Event: 0.257 Loaded shared library C:\Users\Kuniu\.vscode\extensions\redhat.java-1.22.1-win32-x64\jre\17.0.8.1-win32-x86_64\bin\nio.dll
Event: 0.269 Loaded shared library C:\Users\Kuniu\.vscode\extensions\redhat.java-1.22.1-win32-x64\jre\17.0.8.1-win32-x86_64\bin\zip.dll
Event: 0.279 Loaded shared library C:\Users\Kuniu\.vscode\extensions\redhat.java-1.22.1-win32-x64\jre\17.0.8.1-win32-x86_64\bin\jimage.dll
Event: 0.353 Loaded shared library c:\Users\Kuniu\.vscode\extensions\redhat.java-1.22.1-win32-x64\jre\17.0.8.1-win32-x86_64\bin\verify.dll
Event: 5.178 Loaded shared library C:\Users\Kuniu\AppData\Roaming\Code\User\globalStorage\redhat.java\1.22.1\config_win\org.eclipse.equinox.launcher\org.eclipse.equinox.launcher.win32.win32.x86_64_1.2.700.v20221108-1024\eclipse_11801.dll
Event: 10.590 Loaded shared library C:\Users\Kuniu\.vscode\extensions\redhat.java-1.22.1-win32-x64\jre\17.0.8.1-win32-x86_64\bin\management.dll
Event: 10.595 Loaded shared library C:\Users\Kuniu\.vscode\extensions\redhat.java-1.22.1-win32-x64\jre\17.0.8.1-win32-x86_64\bin\management_ext.dll

Deoptimization events (20 events):
Event: 11.482 Thread 0x000002c3848fb8e0 Uncommon trap: trap_request=0xffffff45 fr.pc=0x000002c3f3a7c7d8 relative=0x0000000000001018
Event: 11.482 Thread 0x000002c3848fb8e0 Uncommon trap: reason=unstable_if action=reinterpret pc=0x000002c3f3a7c7d8 method=java.util.Properties.loadConvert([CIILjava/lang/StringBuilder;)Ljava/lang/String; @ 463 c2
Event: 11.482 Thread 0x000002c3848fb8e0 DEOPT PACKING pc=0x000002c3f3a7c7d8 sp=0x000000dfbe1f7950
Event: 11.482 Thread 0x000002c3848fb8e0 DEOPT UNPACKING pc=0x000002c3f33e66a3 sp=0x000000dfbe1f7930 mode 2
Event: 11.512 Thread 0x000002c3848fb8e0 Uncommon trap: trap_request=0xffffffc6 fr.pc=0x000002c3f3aa9310 relative=0x0000000000000bd0
Event: 11.512 Thread 0x000002c3848fb8e0 Uncommon trap: reason=bimorphic_or_optimized_type_check action=maybe_recompile pc=0x000002c3f3aa9310 method=java.util.HashMap.putVal(ILjava/lang/Object;Ljava/lang/Object;ZZ)Ljava/lang/Object; @ 56 c2
Event: 11.512 Thread 0x000002c3848fb8e0 DEOPT PACKING pc=0x000002c3f3aa9310 sp=0x000000dfbe1fd600
Event: 11.512 Thread 0x000002c3848fb8e0 DEOPT UNPACKING pc=0x000002c3f33e66a3 sp=0x000000dfbe1fd558 mode 2
Event: 11.512 Thread 0x000002c3848fb8e0 Uncommon trap: trap_request=0xffffffc6 fr.pc=0x000002c3f3aa9310 relative=0x0000000000000bd0
Event: 11.512 Thread 0x000002c3848fb8e0 Uncommon trap: reason=bimorphic_or_optimized_type_check action=maybe_recompile pc=0x000002c3f3aa9310 method=java.util.HashMap.putVal(ILjava/lang/Object;Ljava/lang/Object;ZZ)Ljava/lang/Object; @ 56 c2
Event: 11.512 Thread 0x000002c3848fb8e0 DEOPT PACKING pc=0x000002c3f3aa9310 sp=0x000000dfbe1fd600
Event: 11.512 Thread 0x000002c3848fb8e0 DEOPT UNPACKING pc=0x000002c3f33e66a3 sp=0x000000dfbe1fd558 mode 2
Event: 11.512 Thread 0x000002c3848fb8e0 Uncommon trap: trap_request=0xffffffc6 fr.pc=0x000002c3f3aa9310 relative=0x0000000000000bd0
Event: 11.512 Thread 0x000002c3848fb8e0 Uncommon trap: reason=bimorphic_or_optimized_type_check action=maybe_recompile pc=0x000002c3f3aa9310 method=java.util.HashMap.putVal(ILjava/lang/Object;Ljava/lang/Object;ZZ)Ljava/lang/Object; @ 56 c2
Event: 11.512 Thread 0x000002c3848fb8e0 DEOPT PACKING pc=0x000002c3f3aa9310 sp=0x000000dfbe1fd600
Event: 11.512 Thread 0x000002c3848fb8e0 DEOPT UNPACKING pc=0x000002c3f33e66a3 sp=0x000000dfbe1fd558 mode 2
Event: 11.512 Thread 0x000002c3848fb8e0 Uncommon trap: trap_request=0xffffffc6 fr.pc=0x000002c3f3aa9310 relative=0x0000000000000bd0
Event: 11.512 Thread 0x000002c3848fb8e0 Uncommon trap: reason=bimorphic_or_optimized_type_check action=maybe_recompile pc=0x000002c3f3aa9310 method=java.util.HashMap.putVal(ILjava/lang/Object;Ljava/lang/Object;ZZ)Ljava/lang/Object; @ 56 c2
Event: 11.512 Thread 0x000002c3848fb8e0 DEOPT PACKING pc=0x000002c3f3aa9310 sp=0x000000dfbe1fd600
Event: 11.512 Thread 0x000002c3848fb8e0 DEOPT UNPACKING pc=0x000002c3f33e66a3 sp=0x000000dfbe1fd558 mode 2

Classes unloaded (0 events):
No events

Classes redefined (0 events):
No events

Internal exceptions (20 events):
Event: 10.667 Thread 0x000002c3848fb8e0 Exception <a 'java/lang/NoSuchMethodError'{0x00000000eb4f5b70}: 'java.lang.Object java.lang.invoke.DirectMethodHandle$Holder.invokeSpecial(java.lang.Object, java.lang.Object, java.lang.Object, long, java.lang.Object)'> (0x00000000eb4f5b70) 
thrown [s\src\hotspot\share\interpreter\linkResolver.cpp, line 759]
Event: 10.668 Thread 0x000002c3848fb8e0 Exception <a 'java/lang/NoSuchMethodError'{0x00000000eb4fdd28}: 'java.lang.Object java.lang.invoke.DirectMethodHandle$Holder.newInvokeSpecial(java.lang.Object, java.lang.Object, java.lang.Object, long)'> (0x00000000eb4fdd28) 
thrown [s\src\hotspot\share\interpreter\linkResolver.cpp, line 759]
Event: 10.668 Thread 0x000002c3848fb8e0 Exception <a 'java/lang/NoSuchMethodError'{0x00000000eb5022c8}: 'java.lang.Object java.lang.invoke.DirectMethodHandle$Holder.invokeSpecial(java.lang.Object, java.lang.Object, java.lang.Object, java.lang.Object, long)'> (0x00000000eb5022c8) 
thrown [s\src\hotspot\share\interpreter\linkResolver.cpp, line 759]
Event: 10.668 Thread 0x000002c3848fb8e0 Exception <a 'java/lang/NoSuchMethodError'{0x00000000eb506140}: 'java.lang.Object java.lang.invoke.Invokers$Holder.linkToTargetMethod(java.lang.Object, java.lang.Object, long, java.lang.Object)'> (0x00000000eb506140) 
thrown [s\src\hotspot\share\interpreter\linkResolver.cpp, line 759]
Event: 10.691 Thread 0x000002c3848fb8e0 Exception <a 'java/lang/IncompatibleClassChangeError'{0x00000000eb615220}: Found class java.lang.Object, but interface was expected> (0x00000000eb615220) 
thrown [s\src\hotspot\share\interpreter\linkResolver.cpp, line 826]
Event: 10.692 Thread 0x000002c3848fb8e0 Exception <a 'java/lang/NoSuchMethodError'{0x00000000eb619270}: 'java.lang.Object java.lang.invoke.DirectMethodHandle$Holder.invokeSpecial(java.lang.Object, java.lang.Object, java.lang.Object, int, java.lang.Object, java.lang.Object)'> (0x00000000eb619270) 
thrown [s\src\hotspot\share\interpreter\linkResolver.cpp, line 759]
Event: 10.692 Thread 0x000002c3848fb8e0 Exception <a 'java/lang/NoSuchMethodError'{0x00000000eb621968}: 'java.lang.Object java.lang.invoke.DirectMethodHandle$Holder.newInvokeSpecial(java.lang.Object, java.lang.Object, java.lang.Object, int, java.lang.Object)'> (0x00000000eb621968) 
thrown [s\src\hotspot\share\interpreter\linkResolver.cpp, line 759]
Event: 10.692 Thread 0x000002c3848fb8e0 Exception <a 'java/lang/NoSuchMethodError'{0x00000000eb625dc0}: 'java.lang.Object java.lang.invoke.DirectMethodHandle$Holder.invokeSpecial(java.lang.Object, java.lang.Object, java.lang.Object, java.lang.Object, int, java.lang.Object)'> (0x00000000eb625dc0) 
thrown [s\src\hotspot\share\interpreter\linkResolver.cpp, line 759]
Event: 10.693 Thread 0x000002c3849004d0 Exception <a 'java/lang/NoSuchMethodError'{0x00000000eb53eac8}: 'java.lang.Object java.lang.invoke.DirectMethodHandle$Holder.invokeSpecial(java.lang.Object, java.lang.Object, int, java.lang.Object, java.lang.Object)'> (0x00000000eb53eac8) 
thrown [s\src\hotspot\share\interpreter\linkResolver.cpp, line 759]
Event: 10.861 Thread 0x000002c3848fb8e0 Exception <a 'java/lang/NoSuchMethodError'{0x00000000ebf6b640}: 'java.lang.Object java.lang.invoke.Invokers$Holder.linkToTargetMethod(java.lang.Object, long, java.lang.Object, java.lang.Object)'> (0x00000000ebf6b640) 
thrown [s\src\hotspot\share\interpreter\linkResolver.cpp, line 759]
Event: 10.957 Thread 0x000002c3848fb8e0 Exception <a 'java/io/FileNotFoundException'{0x00000000eae409e8}> (0x00000000eae409e8) 
thrown [s\src\hotspot\share\prims\jni.cpp, line 516]
Event: 11.197 Thread 0x000002c3848fb8e0 Exception <a 'java/io/FileNotFoundException'{0x00000000eaf4fea8}> (0x00000000eaf4fea8) 
thrown [s\src\hotspot\share\prims\jni.cpp, line 516]
Event: 11.198 Thread 0x000002c3848fb8e0 Exception <a 'java/io/FileNotFoundException'{0x00000000eaf50cc0}> (0x00000000eaf50cc0) 
thrown [s\src\hotspot\share\prims\jni.cpp, line 516]
Event: 11.198 Thread 0x000002c3848fb8e0 Exception <a 'java/io/FileNotFoundException'{0x00000000eaf51ae8}> (0x00000000eaf51ae8) 
thrown [s\src\hotspot\share\prims\jni.cpp, line 516]
Event: 11.279 Thread 0x000002c3848fb8e0 Exception <a 'java/lang/NoSuchMethodError'{0x00000000eba22a98}: 'int java.lang.invoke.DirectMethodHandle$Holder.invokeStaticInit(java.lang.Object, java.lang.Object, java.lang.Object)'> (0x00000000eba22a98) 
thrown [s\src\hotspot\share\interpreter\linkResolver.cpp, line 759]
Event: 11.424 Thread 0x000002c3848fb8e0 Exception <a 'java/io/FileNotFoundException'{0x00000000eaeebc50}> (0x00000000eaeebc50) 
thrown [s\src\hotspot\share\prims\jni.cpp, line 516]
Event: 11.471 Thread 0x000002c3848fb8e0 Exception <a 'java/io/FileNotFoundException'{0x00000000eb912610}> (0x00000000eb912610) 
thrown [s\src\hotspot\share\prims\jni.cpp, line 516]
Event: 11.488 Thread 0x000002c3848fb8e0 Exception <a 'java/lang/NoSuchMethodError'{0x00000000eb9cdef8}: 'void java.lang.invoke.DirectMethodHandle$Holder.invokeVirtual(java.lang.Object, java.lang.Object)'> (0x00000000eb9cdef8) 
thrown [s\src\hotspot\share\interpreter\linkResolver.cpp, line 759]
Event: 11.502 Thread 0x000002c3848fb8e0 Exception <a 'java/io/FileNotFoundException'{0x00000000ebb82dd0}> (0x00000000ebb82dd0) 
thrown [s\src\hotspot\share\prims\jni.cpp, line 516]
Event: 11.527 Thread 0x000002c3848fb8e0 Exception <a 'java/lang/NoSuchMethodError'{0x00000000ebc74b28}: 'java.lang.Object java.lang.invoke.DirectMethodHandle$Holder.invokeStaticInit(java.lang.Object, int, int, int, int)'> (0x00000000ebc74b28) 
thrown [s\src\hotspot\share\interpreter\linkResolver.cpp, line 759]

VM Operations (20 events):
Event: 10.771 Executing VM operation: HandshakeAllThreads
Event: 10.771 Executing VM operation: HandshakeAllThreads done
Event: 10.774 Executing VM operation: HandshakeAllThreads
Event: 10.775 Executing VM operation: HandshakeAllThreads done
Event: 10.775 Executing VM operation: HandshakeAllThreads
Event: 10.775 Executing VM operation: HandshakeAllThreads done
Event: 10.872 Executing VM operation: ICBufferFull
Event: 10.872 Executing VM operation: ICBufferFull done
Event: 10.927 Executing VM operation: ParallelGCFailedAllocation
Event: 10.929 Executing VM operation: ParallelGCFailedAllocation done
Event: 11.004 Executing VM operation: HandshakeAllThreads
Event: 11.004 Executing VM operation: HandshakeAllThreads done
Event: 11.171 Executing VM operation: ParallelGCFailedAllocation
Event: 11.173 Executing VM operation: ParallelGCFailedAllocation done
Event: 11.353 Executing VM operation: ParallelGCFailedAllocation
Event: 11.357 Executing VM operation: ParallelGCFailedAllocation done
Event: 11.511 Executing VM operation: HandshakeAllThreads
Event: 11.511 Executing VM operation: HandshakeAllThreads done
Event: 11.604 Executing VM operation: HandshakeAllThreads
Event: 11.604 Executing VM operation: HandshakeAllThreads done

Events (20 events):
Event: 11.557 loading class java/net/Inet4Address
Event: 11.557 loading class java/net/Inet4Address done
Event: 11.557 loading class java/net/Inet6Address
Event: 11.557 loading class java/net/Inet6Address done
Event: 11.558 loading class java/net/Inet6Address$Inet6AddressHolder
Event: 11.558 loading class java/net/Inet6Address$Inet6AddressHolder done
Event: 11.558 loading class java/net/DefaultInterface
Event: 11.558 loading class java/net/DefaultInterface done
Event: 11.573 loading class java/net/NetworkInterface$1
Event: 11.574 loading class java/net/NetworkInterface$1 done
Event: 11.599 loading class java/nio/file/Files$AcceptAllFilter
Event: 11.599 loading class java/nio/file/DirectoryStream$Filter
Event: 11.599 loading class java/nio/file/DirectoryStream$Filter done
Event: 11.599 loading class java/nio/file/Files$AcceptAllFilter done
Event: 11.600 loading class sun/nio/fs/WindowsDirectoryStream$WindowsDirectoryIterator
Event: 11.600 loading class sun/nio/fs/WindowsDirectoryStream$WindowsDirectoryIterator done
Event: 11.604 loading class sun/nio/fs/WindowsPath$WindowsPathWithAttributes
Event: 11.604 loading class sun/nio/fs/BasicFileAttributesHolder
Event: 11.604 loading class sun/nio/fs/BasicFileAttributesHolder done
Event: 11.604 loading class sun/nio/fs/WindowsPath$WindowsPathWithAttributes done


Dynamic libraries:
0x00007ff723ef0000 - 0x00007ff723efe000 	c:\Users\Kuniu\.vscode\extensions\redhat.java-1.22.1-win32-x64\jre\17.0.8.1-win32-x86_64\bin\java.exe
0x00007ffa83d70000 - 0x00007ffa83f84000 	C:\WINDOWS\SYSTEM32\ntdll.dll
0x00007ffa829e0000 - 0x00007ffa82aa4000 	C:\WINDOWS\System32\KERNEL32.DLL
0x00007ffa81210000 - 0x00007ffa815b4000 	C:\WINDOWS\System32\KERNELBASE.dll
0x00007ffa818f0000 - 0x00007ffa81a01000 	C:\WINDOWS\System32\ucrtbase.dll
0x00007ffa7b510000 - 0x00007ffa7b527000 	c:\Users\Kuniu\.vscode\extensions\redhat.java-1.22.1-win32-x64\jre\17.0.8.1-win32-x86_64\bin\jli.dll
0x00007ffa70f00000 - 0x00007ffa70f19000 	c:\Users\Kuniu\.vscode\extensions\redhat.java-1.22.1-win32-x64\jre\17.0.8.1-win32-x86_64\bin\VCRUNTIME140.dll
0x00007ffa82ab0000 - 0x00007ffa82c5e000 	C:\WINDOWS\System32\USER32.dll
0x00007ffa81ad0000 - 0x00007ffa81af6000 	C:\WINDOWS\System32\win32u.dll
0x00007ffa83360000 - 0x00007ffa83389000 	C:\WINDOWS\System32\GDI32.dll
0x00007ffa65c90000 - 0x00007ffa65f23000 	C:\WINDOWS\WinSxS\amd64_microsoft.windows.common-controls_6595b64144ccf1df_6.0.22621.2215_none_270d72677387dfc3\COMCTL32.dll
0x00007ffa817d0000 - 0x00007ffa818e8000 	C:\WINDOWS\System32\gdi32full.dll
0x00007ffa83390000 - 0x00007ffa83437000 	C:\WINDOWS\System32\msvcrt.dll
0x00007ffa81730000 - 0x00007ffa817ca000 	C:\WINDOWS\System32\msvcp_win.dll
0x00007ffa82c60000 - 0x00007ffa82c91000 	C:\WINDOWS\System32\IMM32.DLL
0x00007ffa70ef0000 - 0x00007ffa70efc000 	c:\Users\Kuniu\.vscode\extensions\redhat.java-1.22.1-win32-x64\jre\17.0.8.1-win32-x86_64\bin\vcruntime140_1.dll
0x00007ffa53fe0000 - 0x00007ffa54071000 	c:\Users\Kuniu\.vscode\extensions\redhat.java-1.22.1-win32-x64\jre\17.0.8.1-win32-x86_64\bin\msvcp140.dll
0x00007ffa17f70000 - 0x00007ffa18bbc000 	c:\Users\Kuniu\.vscode\extensions\redhat.java-1.22.1-win32-x64\jre\17.0.8.1-win32-x86_64\bin\server\jvm.dll
0x00007ffa825b0000 - 0x00007ffa82660000 	C:\WINDOWS\System32\ADVAPI32.dll
0x00007ffa823b0000 - 0x00007ffa82456000 	C:\WINDOWS\System32\sechost.dll
0x00007ffa82840000 - 0x00007ffa82957000 	C:\WINDOWS\System32\RPCRT4.dll
0x00007ffa790d0000 - 0x00007ffa790da000 	C:\WINDOWS\SYSTEM32\VERSION.dll
0x00007ffa5ce30000 - 0x00007ffa5ce39000 	C:\WINDOWS\SYSTEM32\WSOCK32.dll
0x00007ffa7ffb0000 - 0x00007ffa7fffd000 	C:\WINDOWS\SYSTEM32\POWRPROF.dll
0x00007ffa7a010000 - 0x00007ffa7a044000 	C:\WINDOWS\SYSTEM32\WINMM.dll
0x00007ffa81b00000 - 0x00007ffa81b71000 	C:\WINDOWS\System32\WS2_32.dll
0x00007ffa7ff70000 - 0x00007ffa7ff83000 	C:\WINDOWS\SYSTEM32\UMPDC.dll
0x00007ffa801d0000 - 0x00007ffa801e8000 	C:\WINDOWS\SYSTEM32\kernel.appcore.dll
0x00007ffa5ce20000 - 0x00007ffa5ce2a000 	c:\Users\Kuniu\.vscode\extensions\redhat.java-1.22.1-win32-x64\jre\17.0.8.1-win32-x86_64\bin\jimage.dll
0x00007ffa7ea50000 - 0x00007ffa7ec7e000 	C:\WINDOWS\SYSTEM32\DBGHELP.DLL
0x00007ffa82cd0000 - 0x00007ffa8305a000 	C:\WINDOWS\System32\combase.dll
0x00007ffa82760000 - 0x00007ffa82837000 	C:\WINDOWS\System32\OLEAUT32.dll
0x00007ffa685f0000 - 0x00007ffa68622000 	C:\WINDOWS\SYSTEM32\dbgcore.DLL
0x00007ffa81190000 - 0x00007ffa8120a000 	C:\WINDOWS\System32\bcryptPrimitives.dll
0x00007ffa54100000 - 0x00007ffa5410e000 	c:\Users\Kuniu\.vscode\extensions\redhat.java-1.22.1-win32-x64\jre\17.0.8.1-win32-x86_64\bin\instrument.dll
0x00007ffa540d0000 - 0x00007ffa540f5000 	c:\Users\Kuniu\.vscode\extensions\redhat.java-1.22.1-win32-x64\jre\17.0.8.1-win32-x86_64\bin\java.dll
0x00007ffa540b0000 - 0x00007ffa540c8000 	c:\Users\Kuniu\.vscode\extensions\redhat.java-1.22.1-win32-x64\jre\17.0.8.1-win32-x86_64\bin\zip.dll
0x00007ffa81b80000 - 0x00007ffa823a3000 	C:\WINDOWS\System32\SHELL32.dll
0x00007ffa7f060000 - 0x00007ffa7f94a000 	C:\WINDOWS\SYSTEM32\windows.storage.dll
0x00007ffa7ef20000 - 0x00007ffa7f05e000 	C:\WINDOWS\SYSTEM32\wintypes.dll
0x00007ffa83c20000 - 0x00007ffa83d13000 	C:\WINDOWS\System32\SHCORE.dll
0x00007ffa824f0000 - 0x00007ffa8254e000 	C:\WINDOWS\System32\shlwapi.dll
0x00007ffa81050000 - 0x00007ffa81076000 	C:\WINDOWS\SYSTEM32\profapi.dll
0x00007ffa53fc0000 - 0x00007ffa53fd9000 	C:\Users\Kuniu\.vscode\extensions\redhat.java-1.22.1-win32-x64\jre\17.0.8.1-win32-x86_64\bin\net.dll
0x00007ffa7a050000 - 0x00007ffa7a187000 	C:\WINDOWS\SYSTEM32\WINHTTP.dll
0x00007ffa80690000 - 0x00007ffa806f9000 	C:\WINDOWS\system32\mswsock.dll
0x00007ffa53fa0000 - 0x00007ffa53fb5000 	C:\Users\Kuniu\.vscode\extensions\redhat.java-1.22.1-win32-x64\jre\17.0.8.1-win32-x86_64\bin\nio.dll
0x00007ffa540a0000 - 0x00007ffa540b0000 	c:\Users\Kuniu\.vscode\extensions\redhat.java-1.22.1-win32-x64\jre\17.0.8.1-win32-x86_64\bin\verify.dll
0x00007ffa7b220000 - 0x00007ffa7b25e000 	C:\Users\Kuniu\AppData\Roaming\Code\User\globalStorage\redhat.java\1.22.1\config_win\org.eclipse.equinox.launcher\org.eclipse.equinox.launcher.win32.win32.x86_64_1.2.700.v20221108-1024\eclipse_11801.dll
0x00007ffa83a80000 - 0x00007ffa83c1e000 	C:\WINDOWS\System32\ole32.dll
0x00007ffa559d0000 - 0x00007ffa559d9000 	C:\Users\Kuniu\.vscode\extensions\redhat.java-1.22.1-win32-x64\jre\17.0.8.1-win32-x86_64\bin\management.dll
0x00007ffa559c0000 - 0x00007ffa559cb000 	C:\Users\Kuniu\.vscode\extensions\redhat.java-1.22.1-win32-x64\jre\17.0.8.1-win32-x86_64\bin\management_ext.dll
0x00007ffa83100000 - 0x00007ffa83108000 	C:\WINDOWS\System32\PSAPI.DLL
0x00007ffa80930000 - 0x00007ffa8094b000 	C:\WINDOWS\SYSTEM32\CRYPTSP.dll
0x00007ffa80190000 - 0x00007ffa801c5000 	C:\WINDOWS\system32\rsaenh.dll
0x00007ffa80730000 - 0x00007ffa8075c000 	C:\WINDOWS\SYSTEM32\USERENV.dll
0x00007ffa80af0000 - 0x00007ffa80b18000 	C:\WINDOWS\SYSTEM32\bcrypt.dll
0x00007ffa80890000 - 0x00007ffa8089c000 	C:\WINDOWS\SYSTEM32\CRYPTBASE.dll
0x00007ffa7fbf0000 - 0x00007ffa7fc1d000 	C:\WINDOWS\SYSTEM32\IPHLPAPI.DLL
0x00007ffa82cc0000 - 0x00007ffa82cc9000 	C:\WINDOWS\System32\NSI.dll
0x00007ffa79ff0000 - 0x00007ffa7a009000 	C:\WINDOWS\SYSTEM32\dhcpcsvc6.DLL
0x00007ffa79fd0000 - 0x00007ffa79fef000 	C:\WINDOWS\SYSTEM32\dhcpcsvc.DLL
0x00007ffa7fc20000 - 0x00007ffa7fd12000 	C:\WINDOWS\SYSTEM32\DNSAPI.dll

dbghelp: loaded successfully - version: 4.0.5 - missing functions: none
symbol engine: initialized successfully - sym options: 0x614 - pdb path: .;c:\Users\Kuniu\.vscode\extensions\redhat.java-1.22.1-win32-x64\jre\17.0.8.1-win32-x86_64\bin;C:\WINDOWS\SYSTEM32;C:\WINDOWS\WinSxS\amd64_microsoft.windows.common-controls_6595b64144ccf1df_6.0.22621.2215_none_270d72677387dfc3;c:\Users\Kuniu\.vscode\extensions\redhat.java-1.22.1-win32-x64\jre\17.0.8.1-win32-x86_64\bin\server;C:\Users\Kuniu\AppData\Roaming\Code\User\globalStorage\redhat.java\1.22.1\config_win\org.eclipse.equinox.launcher\org.eclipse.equinox.launcher.win32.win32.x86_64_1.2.700.v20221108-1024

VM Arguments:
jvm_args: --add-modules=ALL-SYSTEM --add-opens=java.base/java.util=ALL-UNNAMED --add-opens=java.base/java.lang=ALL-UNNAMED --add-opens=java.base/sun.nio.fs=ALL-UNNAMED -Declipse.application=org.eclipse.jdt.ls.core.id1 -Dosgi.bundles.defaultStartLevel=4 -Declipse.product=org.eclipse.jdt.ls.core.product -Djava.import.generatesMetadataFilesAtProjectRoot=false -Dfile.encoding=utf8 -XX:+UseParallelGC -XX:GCTimeRatio=4 -XX:AdaptiveSizePolicyWeight=90 -Dsun.zip.disableMemoryMapping=true -Xmx1G -Xms100m -Xlog:disable -javaagent:c:\Users\Kuniu\.vscode\extensions\redhat.java-1.22.1-win32-x64\lombok\lombok-1.18.28.jar -XX:+HeapDumpOnOutOfMemoryError -XX:HeapDumpPath=c:\Users\Kuniu\AppData\Roaming\Code\User\workspaceStorage\64320ed83e70c17086abde906632f261\redhat.java -Daether.dependencyCollector.impl=bf 
java_command: c:\Users\Kuniu\.vscode\extensions\redhat.java-1.22.1-win32-x64\server\plugins\org.eclipse.equinox.launcher_1.6.500.v20230717-2134.jar -configuration c:\Users\Kuniu\AppData\Roaming\Code\User\globalStorage\redhat.java\1.22.1\config_win -data c:\Users\Kuniu\AppData\Roaming\Code\User\workspaceStorage\64320ed83e70c17086abde906632f261\redhat.java\jdt_ws
java_class_path (initial): c:\Users\Kuniu\.vscode\extensions\redhat.java-1.22.1-win32-x64\server\plugins\org.eclipse.equinox.launcher_1.6.500.v20230717-2134.jar
Launcher Type: SUN_STANDARD

[Global flags]
    uintx AdaptiveSizePolicyWeight                 = 90                                        {product} {command line}
     intx CICompilerCount                          = 4                                         {product} {ergonomic}
    uintx GCTimeRatio                              = 4                                         {product} {command line}
     bool HeapDumpOnOutOfMemoryError               = true                                   {manageable} {command line}
    ccstr HeapDumpPath                             = c:\Users\Kuniu\AppData\Roaming\Code\User\workspaceStorage\64320ed83e70c17086abde906632f261\redhat.java         {manageable} {command line}
   size_t InitialHeapSize                          = 104857600                                 {product} {command line}
   size_t MaxHeapSize                              = 1073741824                                {product} {command line}
   size_t MaxNewSize                               = 357564416                                 {product} {ergonomic}
   size_t MinHeapDeltaBytes                        = 524288                                    {product} {ergonomic}
   size_t MinHeapSize                              = 104857600                                 {product} {command line}
   size_t NewSize                                  = 34603008                                  {product} {ergonomic}
    uintx NonNMethodCodeHeapSize                   = 5839372                                {pd product} {ergonomic}
    uintx NonProfiledCodeHeapSize                  = 122909434                              {pd product} {ergonomic}
   size_t OldSize                                  = 70254592                                  {product} {ergonomic}
    uintx ProfiledCodeHeapSize                     = 122909434                              {pd product} {ergonomic}
    uintx ReservedCodeCacheSize                    = 251658240                              {pd product} {ergonomic}
     bool SegmentedCodeCache                       = true                                      {product} {ergonomic}
   size_t SoftMaxHeapSize                          = 1073741824                             {manageable} {ergonomic}
     bool UseCompressedClassPointers               = true                           {product lp64_product} {ergonomic}
     bool UseCompressedOops                        = true                           {product lp64_product} {ergonomic}
     bool UseLargePagesIndividualAllocation        = false                                  {pd product} {ergonomic}
     bool UseParallelGC                            = true                                      {product} {command line}

Logging:
Log output configuration:
 #0: stdout all=off uptime,level,tags
 #1: stderr all=off uptime,level,tags

Environment Variables:
PATH=C:\Program Files (x86)\Common Files\Oracle\Java\javapath;C:\Windows\system32;C:\Windows;C:\Windows\System32\Wbem;C:\Windows\System32\WindowsPowerShell\v1.0\;C:\Windows\System32\OpenSSH\;C:\Program Files (x86)\NVIDIA Corporation\PhysX\Common;C:\Program Files\NVIDIA Corporation\NVIDIA NvDLISR;C:\WINDOWS\system32;C:\WINDOWS;C:\WINDOWS\System32\Wbem;C:\WINDOWS\System32\WindowsPowerShell\v1.0\;C:\WINDOWS\System32\OpenSSH\;C:\Program Files\nodejs\;C:\Program Files\Git\cmd;C:\Users\Kuniu\AppData\Local\Microsoft\WindowsApps;;C:\Users\Kuniu\AppData\Local\Programs\Microsoft VS Code\bin;C:\Users\Kuniu\AppData\Roaming\npm
USERNAME=Kuniu
OS=Windows_NT
PROCESSOR_IDENTIFIER=Intel64 Family 6 Model 165 Stepping 2, GenuineIntel
TMP=C:\Users\Kuniu\AppData\Local\Temp
TEMP=C:\Users\Kuniu\AppData\Local\Temp



---------------  S Y S T E M  ---------------

OS:
 Windows 11 , 64 bit Build 22621 (10.0.22621.2215)
OS uptime: 2 days 0:22 hours
Hyper-V role detected

CPU: total 12 (initial active 12) (6 cores per cpu, 2 threads per core) family 6 model 165 stepping 2 microcode 0xf0, cx8, cmov, fxsr, ht, mmx, 3dnowpref, sse, sse2, sse3, ssse3, sse4.1, sse4.2, popcnt, lzcnt, tsc, tscinvbit, avx, avx2, aes, erms, clmul, bmi1, bmi2, adx, fma, vzeroupper, clflush, clflushopt, hv
Processor Information for all 12 processors :
  Max Mhz: 2592, Current Mhz: 2592, Mhz Limit: 2592

Memory: 4k page, system-wide physical 8059M (368M free)
TotalPageFile size 32635M (AvailPageFile size 5M)
current process WorkingSet (physical memory assigned to process): 147M, peak: 149M
current process commit charge ("private bytes"): 256M, peak: 258M

vm_info: OpenJDK 64-Bit Server VM (17.0.8.1+1) for windows-amd64 JRE (17.0.8.1+1), built on Aug 23 2023 15:29:17 by "admin" with MS VC++ 16.7 (VS2019)

END.
