#
# There is insufficient memory for the Java Runtime Environment to continue.
# Native memory allocation (mmap) failed to map 65536 bytes for Failed to commit metaspace.
# Possible reasons:
#   The system is out of physical RAM or swap space
#   The process is running with CompressedOops enabled, and the Java Heap may be blocking the growth of the native heap
# Possible solutions:
#   Reduce memory load on the system
#   Increase physical memory or swap space
#   Check if swap backing store is full
#   Decrease Java heap size (-Xmx/-Xms)
#   Decrease number of Java threads
#   Decrease Java thread stack sizes (-Xss)
#   Set larger code cache with -XX:ReservedCodeCacheSize=
#   JVM is running with Unscaled Compressed Oops mode in which the Java heap is
#     placed in the first 4GB address space. The Java Heap base address is the
#     maximum limit for the native heap growth. Please use -XX:HeapBaseMinAddress
#     to set the Java Heap base and to place the Java Heap above 4GB virtual address.
# This output file may be truncated or incomplete.
#
#  Out of Memory Error (virtualSpaceNode.cpp:110), pid=8440, tid=23040
#
# JRE version: OpenJDK Runtime Environment Temurin-17.0.8.1+1 (17.0.8.1+1) (build 17.0.8.1+1)
# Java VM: OpenJDK 64-Bit Server VM Temurin-17.0.8.1+1 (17.0.8.1+1, mixed mode, tiered, compressed oops, compressed class ptrs, parallel gc, windows-amd64)
# No core dump will be written. Minidumps are not enabled by default on client versions of Windows
#

---------------  S U M M A R Y ------------

Command Line: --add-modules=ALL-SYSTEM --add-opens=java.base/java.util=ALL-UNNAMED --add-opens=java.base/java.lang=ALL-UNNAMED --add-opens=java.base/sun.nio.fs=ALL-UNNAMED -Declipse.application=org.eclipse.jdt.ls.core.id1 -Dosgi.bundles.defaultStartLevel=4 -Declipse.product=org.eclipse.jdt.ls.core.product -Djava.import.generatesMetadataFilesAtProjectRoot=false -Dfile.encoding=utf8 -XX:+UseParallelGC -XX:GCTimeRatio=4 -XX:AdaptiveSizePolicyWeight=90 -Dsun.zip.disableMemoryMapping=true -Xmx1G -Xms100m -Xlog:disable -javaagent:c:\Users\Kuniu\.vscode\extensions\redhat.java-1.22.1-win32-x64\lombok\lombok-1.18.28.jar -XX:+HeapDumpOnOutOfMemoryError -XX:HeapDumpPath=c:\Users\Kuniu\AppData\Roaming\Code\User\workspaceStorage\64320ed83e70c17086abde906632f261\redhat.java -Daether.dependencyCollector.impl=bf c:\Users\Kuniu\.vscode\extensions\redhat.java-1.22.1-win32-x64\server\plugins\org.eclipse.equinox.launcher_1.6.500.v20230717-2134.jar -configuration c:\Users\Kuniu\AppData\Roaming\Code\User\globalStorage\redhat.java\1.22.1\config_win -data c:\Users\Kuniu\AppData\Roaming\Code\User\workspaceStorage\64320ed83e70c17086abde906632f261\redhat.java\jdt_ws

Host: Intel(R) Core(TM) i7-10750H CPU @ 2.60GHz, 12 cores, 7G,  Windows 11 , 64 bit Build 22621 (10.0.22621.2215)
Time: Thu Sep 21 22:21:51 2023 SE Asia Standard Time elapsed time: 3.133113 seconds (0d 0h 0m 3s)

---------------  T H R E A D  ---------------

Current thread (0x0000021041d03de0):  JavaThread "Start Level: Equinox Container: e07b64c8-9864-4581-a801-4635139703f7" daemon [_thread_in_vm, id=23040, stack(0x000000c553f00000,0x000000c554000000)]

Stack: [0x000000c553f00000,0x000000c554000000]
Native frames: (J=compiled Java code, j=interpreted, Vv=VM code, C=native code)
V  [jvm.dll+0x678b0a]
V  [jvm.dll+0x835e84]
V  [jvm.dll+0x83762e]
V  [jvm.dll+0x837c93]
V  [jvm.dll+0x24746f]
V  [jvm.dll+0x831f1b]
V  [jvm.dll+0x61d3c6]
V  [jvm.dll+0x1c1aae]
V  [jvm.dll+0x61fd21]
V  [jvm.dll+0x61dd66]
V  [jvm.dll+0x23ce50]
V  [jvm.dll+0x1ec2ed]
V  [jvm.dll+0x1e1d21]
V  [jvm.dll+0x53fba0]
V  [jvm.dll+0x7b1278]
V  [jvm.dll+0x7b1364]
V  [jvm.dll+0x40ecc5]
V  [jvm.dll+0x414e18]
C  [java.dll+0x17ec]

Java frames: (J=compiled Java code, j=interpreted, Vv=VM code)
J 1023  java.lang.ClassLoader.defineClass1(Ljava/lang/ClassLoader;Ljava/lang/String;[BIILjava/security/ProtectionDomain;Ljava/lang/String;)Ljava/lang/Class; java.base@17.0.8.1 (0 bytes) @ 0x000002103167bddb [0x000002103167bd20+0x00000000000000bb]
J 2467 c1 java.lang.ClassLoader.defineClass(Ljava/lang/String;[BIILjava/security/ProtectionDomain;)Ljava/lang/Class; java.base@17.0.8.1 (43 bytes) @ 0x000002102a027ad4 [0x000002102a027780+0x0000000000000354]
J 3143 c1 org.eclipse.osgi.internal.loader.ModuleClassLoader.defineClass(Ljava/lang/String;[BLorg/eclipse/osgi/internal/loader/classpath/ClasspathEntry;)Lorg/eclipse/osgi/internal/loader/ModuleClassLoader$DefineClassResult; (138 bytes) @ 0x000002102a1dd51c [0x000002102a1dd2c0+0x000000000000025c]
J 2598 c1 org.eclipse.osgi.internal.loader.classpath.ClasspathManager.defineClass(Ljava/lang/String;[BLorg/eclipse/osgi/internal/loader/classpath/ClasspathEntry;Lorg/eclipse/osgi/storage/bundlefile/BundleEntry;Ljava/util/List;)Ljava/lang/Class; (636 bytes) @ 0x000002102a079ac4 [0x000002102a0780e0+0x00000000000019e4]
J 2992 c1 org.eclipse.osgi.internal.loader.classpath.ClasspathManager.findClassImpl(Ljava/lang/String;Lorg/eclipse/osgi/internal/loader/classpath/ClasspathEntry;Ljava/util/List;)Ljava/lang/Class; (308 bytes) @ 0x000002102a1817e4 [0x000002102a17ed20+0x0000000000002ac4]
J 2991 c1 org.eclipse.osgi.internal.loader.classpath.ClasspathManager.findLocalClassImpl(Ljava/lang/String;[Lorg/eclipse/osgi/internal/loader/classpath/ClasspathEntry;Ljava/util/List;)Ljava/lang/Class; (55 bytes) @ 0x000002102a17d6cc [0x000002102a17d540+0x000000000000018c]
J 2990 c1 org.eclipse.osgi.internal.loader.classpath.ClasspathManager.findLocalClassImpl(Ljava/lang/String;Ljava/util/List;)Ljava/lang/Class; (132 bytes) @ 0x000002102a17ccd4 [0x000002102a17c7c0+0x0000000000000514]
J 2585 c1 org.eclipse.osgi.internal.loader.classpath.ClasspathManager.findLocalClass(Ljava/lang/String;)Ljava/lang/Class; (210 bytes) @ 0x000002102a071e3c [0x000002102a0711a0+0x0000000000000c9c]
J 2583 c1 org.eclipse.osgi.internal.loader.BundleLoader.findLocalClass(Ljava/lang/String;)Ljava/lang/Class; (152 bytes) @ 0x000002102a06ccec [0x000002102a06c4a0+0x000000000000084c]
J 2480 c1 org.eclipse.osgi.internal.loader.BundleLoader.findClass0(Ljava/lang/String;ZZ)Ljava/lang/Class; (466 bytes) @ 0x000002102a036894 [0x000002102a0341a0+0x00000000000026f4]
J 2479 c1 org.eclipse.osgi.internal.loader.BundleLoader.findClass(Ljava/lang/String;)Ljava/lang/Class; (8 bytes) @ 0x000002102a03389c [0x000002102a033820+0x000000000000007c]
J 2481 c1 org.eclipse.osgi.internal.loader.ModuleClassLoader.loadClass(Ljava/lang/String;Z)Ljava/lang/Class; (36 bytes) @ 0x000002102a039c3c [0x000002102a039a20+0x000000000000021c]
J 781 c1 java.lang.ClassLoader.loadClass(Ljava/lang/String;)Ljava/lang/Class; java.base@17.0.8.1 (7 bytes) @ 0x0000021029c8c53c [0x0000021029c8c440+0x00000000000000fc]
v  ~StubRoutines::call_stub
j  org.eclipse.core.internal.events.BuildManager.<init>(Lorg/eclipse/core/internal/resources/Workspace;Lorg/eclipse/core/runtime/jobs/ILock;)V+83
j  org.eclipse.core.internal.resources.Workspace.startup(Lorg/eclipse/core/runtime/IProgressMonitor;)V+111
j  org.eclipse.core.internal.resources.Workspace.open(Lorg/eclipse/core/runtime/IProgressMonitor;)Lorg/eclipse/core/runtime/IStatus;+136
j  org.eclipse.core.resources.ResourcesPlugin$WorkspaceInitCustomizer.addingService(Lorg/osgi/framework/ServiceReference;)Lorg/eclipse/core/internal/resources/Workspace;+45
j  org.eclipse.core.resources.ResourcesPlugin$WorkspaceInitCustomizer.addingService(Lorg/osgi/framework/ServiceReference;)Ljava/lang/Object;+5
j  org.osgi.util.tracker.ServiceTracker$Tracked.customizerAdding(Lorg/osgi/framework/ServiceReference;Lorg/osgi/framework/ServiceEvent;)Ljava/lang/Object;+8
j  org.osgi.util.tracker.ServiceTracker$Tracked.customizerAdding(Ljava/lang/Object;Ljava/lang/Object;)Ljava/lang/Object;+9
j  org.osgi.util.tracker.AbstractTracked.trackAdding(Ljava/lang/Object;Ljava/lang/Object;)V+8
j  org.osgi.util.tracker.AbstractTracked.trackInitial()V+90
j  org.osgi.util.tracker.ServiceTracker.open(Z)V+198
j  org.osgi.util.tracker.ServiceTracker.open()V+2
j  org.eclipse.core.resources.ResourcesPlugin.start(Lorg/osgi/framework/BundleContext;)V+106
j  org.eclipse.osgi.internal.framework.BundleContextImpl$2.run()Ljava/lang/Void;+23
j  org.eclipse.osgi.internal.framework.BundleContextImpl$2.run()Ljava/lang/Object;+1
J 1134 c1 java.security.AccessController.executePrivileged(Ljava/security/PrivilegedExceptionAction;Ljava/security/AccessControlContext;Ljava/lang/Class;)Ljava/lang/Object; java.base@17.0.8.1 (65 bytes) @ 0x0000021029d3d5b4 [0x0000021029d3d460+0x0000000000000154]
j  java.security.AccessController.doPrivileged(Ljava/security/PrivilegedExceptionAction;)Ljava/lang/Object;+9 java.base@17.0.8.1
j  org.eclipse.osgi.internal.framework.BundleContextImpl.startActivator(Lorg/osgi/framework/BundleActivator;)V+9
j  org.eclipse.osgi.internal.framework.BundleContextImpl.start()V+134
j  org.eclipse.osgi.internal.framework.EquinoxBundle.startWorker0()V+35
j  org.eclipse.osgi.internal.framework.EquinoxBundle$EquinoxModule.startWorker()V+4
j  org.eclipse.osgi.container.Module.doStart([Lorg/eclipse/osgi/container/Module$StartOptions;)Lorg/eclipse/osgi/container/ModuleContainerAdaptor$ModuleEvent;+190
J 2973 c1 org.eclipse.osgi.container.Module.start([Lorg/eclipse/osgi/container/Module$StartOptions;)V (655 bytes) @ 0x000002102a1692b4 [0x000002102a166f60+0x0000000000002354]
j  org.eclipse.osgi.framework.util.SecureAction.start(Lorg/eclipse/osgi/container/Module;[Lorg/eclipse/osgi/container/Module$StartOptions;)V+8
J 2893 c1 org.eclipse.osgi.internal.hooks.EclipseLazyStarter.postFindLocalClass(Ljava/lang/String;Ljava/lang/Class;Lorg/eclipse/osgi/internal/loader/classpath/ClasspathManager;)V (394 bytes) @ 0x000002102a13d7bc [0x000002102a13c840+0x0000000000000f7c]
J 2585 c1 org.eclipse.osgi.internal.loader.classpath.ClasspathManager.findLocalClass(Ljava/lang/String;)Ljava/lang/Class; (210 bytes) @ 0x000002102a072154 [0x000002102a0711a0+0x0000000000000fb4]
J 2583 c1 org.eclipse.osgi.internal.loader.BundleLoader.findLocalClass(Ljava/lang/String;)Ljava/lang/Class; (152 bytes) @ 0x000002102a06ccec [0x000002102a06c4a0+0x000000000000084c]
J 2480 c1 org.eclipse.osgi.internal.loader.BundleLoader.findClass0(Ljava/lang/String;ZZ)Ljava/lang/Class; (466 bytes) @ 0x000002102a036894 [0x000002102a0341a0+0x00000000000026f4]
J 2479 c1 org.eclipse.osgi.internal.loader.BundleLoader.findClass(Ljava/lang/String;)Ljava/lang/Class; (8 bytes) @ 0x000002102a03389c [0x000002102a033820+0x000000000000007c]
J 2481 c1 org.eclipse.osgi.internal.loader.ModuleClassLoader.loadClass(Ljava/lang/String;Z)Ljava/lang/Class; (36 bytes) @ 0x000002102a039c3c [0x000002102a039a20+0x000000000000021c]
J 781 c1 java.lang.ClassLoader.loadClass(Ljava/lang/String;)Ljava/lang/Class; java.base@17.0.8.1 (7 bytes) @ 0x0000021029c8c53c [0x0000021029c8c440+0x00000000000000fc]
v  ~StubRoutines::call_stub
j  java.lang.Class.getDeclaredConstructors0(Z)[Ljava/lang/reflect/Constructor;+0 java.base@17.0.8.1
j  java.lang.Class.privateGetDeclaredConstructors(Z)[Ljava/lang/reflect/Constructor;+52 java.base@17.0.8.1
j  java.lang.Class.getConstructor0([Ljava/lang/Class;I)Ljava/lang/reflect/Constructor;+14 java.base@17.0.8.1
j  java.lang.Class.getConstructor([Ljava/lang/Class;)Ljava/lang/reflect/Constructor;+24 java.base@17.0.8.1
j  org.eclipse.osgi.internal.framework.BundleContextImpl.loadBundleActivator()Lorg/osgi/framework/BundleActivator;+105
j  org.eclipse.osgi.internal.framework.BundleContextImpl.start()V+18
j  org.eclipse.osgi.internal.framework.EquinoxBundle.startWorker0()V+35
j  org.eclipse.osgi.internal.framework.EquinoxBundle$EquinoxModule.startWorker()V+4
j  org.eclipse.osgi.container.Module.doStart([Lorg/eclipse/osgi/container/Module$StartOptions;)Lorg/eclipse/osgi/container/ModuleContainerAdaptor$ModuleEvent;+190
J 2973 c1 org.eclipse.osgi.container.Module.start([Lorg/eclipse/osgi/container/Module$StartOptions;)V (655 bytes) @ 0x000002102a1692b4 [0x000002102a166f60+0x0000000000002354]
j  org.eclipse.osgi.container.ModuleContainer$ContainerStartLevel$2.run()V+71
j  org.eclipse.osgi.internal.framework.EquinoxContainerAdaptor$1$1.execute(Ljava/lang/Runnable;)V+1
j  org.eclipse.osgi.container.ModuleContainer$ContainerStartLevel.incStartLevel(ILjava/util/List;Z)V+192
j  org.eclipse.osgi.container.ModuleContainer$ContainerStartLevel.incStartLevel(ILjava/util/List;Ljava/util/List;Ljava/util/List;Ljava/util/List;)V+19
j  org.eclipse.osgi.container.ModuleContainer$ContainerStartLevel.doContainerStartLevel(Lorg/eclipse/osgi/container/Module;I[Lorg/osgi/framework/FrameworkListener;)V+349
j  org.eclipse.osgi.container.ModuleContainer$ContainerStartLevel.dispatchEvent(Lorg/eclipse/osgi/container/Module;[Lorg/osgi/framework/FrameworkListener;ILjava/lang/Integer;)V+32
j  org.eclipse.osgi.container.ModuleContainer$ContainerStartLevel.dispatchEvent(Ljava/lang/Object;Ljava/lang/Object;ILjava/lang/Object;)V+15
J 2061 c1 org.eclipse.osgi.framework.eventmgr.EventManager.dispatchEvent(Ljava/util/Set;Lorg/eclipse/osgi/framework/eventmgr/EventDispatcher;ILjava/lang/Object;)V (69 bytes) @ 0x0000021029f56674 [0x0000021029f561a0+0x00000000000004d4]
j  org.eclipse.osgi.framework.eventmgr.EventManager$EventThread.run()V+26
v  ~StubRoutines::call_stub

---------------  P R O C E S S  ---------------

Threads class SMR info:
_java_thread_list=0x00000210422e61d0, length=33, elements={
0x0000021026eda980, 0x000002103ad4e960, 0x0000021040067bb0, 0x0000021040095f20,
0x00000210400968f0, 0x0000021040098220, 0x000002104009cee0, 0x00000210400a3090,
0x00000210400a4990, 0x00000210400a7a90, 0x0000021026f43ce0, 0x0000021041648260,
0x0000021041684e10, 0x0000021041f82f80, 0x0000021041f83460, 0x0000021041d42fe0,
0x0000021041c53360, 0x0000021041c53c50, 0x0000021041d01f80, 0x0000021041d02490,
0x0000021041d038d0, 0x0000021041d03de0, 0x0000021041d042f0, 0x0000021041d01050,
0x0000021041d029a0, 0x0000021041d02eb0, 0x0000021041d033c0, 0x0000021041d04800,
0x0000021041d01560, 0x0000021041d01a70, 0x0000021042168910, 0x0000021042166090,
0x0000021042167ef0
}

Java Threads: ( => current thread )
  0x0000021026eda980 JavaThread "main" [_thread_blocked, id=10812, stack(0x000000c552100000,0x000000c552200000)]
  0x000002103ad4e960 JavaThread "Reference Handler" daemon [_thread_blocked, id=7444, stack(0x000000c552400000,0x000000c552500000)]
  0x0000021040067bb0 JavaThread "Finalizer" daemon [_thread_blocked, id=22208, stack(0x000000c552500000,0x000000c552600000)]
  0x0000021040095f20 JavaThread "Signal Dispatcher" daemon [_thread_blocked, id=23124, stack(0x000000c552600000,0x000000c552700000)]
  0x00000210400968f0 JavaThread "Attach Listener" daemon [_thread_blocked, id=22104, stack(0x000000c552700000,0x000000c552800000)]
  0x0000021040098220 JavaThread "Service Thread" daemon [_thread_blocked, id=4328, stack(0x000000c552800000,0x000000c552900000)]
  0x000002104009cee0 JavaThread "Monitor Deflation Thread" daemon [_thread_blocked, id=22296, stack(0x000000c552900000,0x000000c552a00000)]
  0x00000210400a3090 JavaThread "C2 CompilerThread0" daemon [_thread_blocked, id=23268, stack(0x000000c552a00000,0x000000c552b00000)]
  0x00000210400a4990 JavaThread "C1 CompilerThread0" daemon [_thread_blocked, id=21460, stack(0x000000c552b00000,0x000000c552c00000)]
  0x00000210400a7a90 JavaThread "Sweeper thread" daemon [_thread_blocked, id=22200, stack(0x000000c552c00000,0x000000c552d00000)]
  0x0000021026f43ce0 JavaThread "Common-Cleaner" daemon [_thread_blocked, id=17912, stack(0x000000c552d00000,0x000000c552e00000)]
  0x0000021041648260 JavaThread "Notification Thread" daemon [_thread_blocked, id=11180, stack(0x000000c552e00000,0x000000c552f00000)]
  0x0000021041684e10 JavaThread "C2 CompilerThread1" daemon [_thread_blocked, id=10588, stack(0x000000c553000000,0x000000c553100000)]
  0x0000021041f82f80 JavaThread "Equinox resolver thread - Equinox Container: e07b64c8-9864-4581-a801-4635139703f7" daemon [_thread_blocked, id=12208, stack(0x000000c553700000,0x000000c553800000)]
  0x0000021041f83460 JavaThread "Equinox resolver thread - Equinox Container: e07b64c8-9864-4581-a801-4635139703f7" daemon [_thread_blocked, id=21652, stack(0x000000c553800000,0x000000c553900000)]
  0x0000021041d42fe0 JavaThread "Equinox resolver thread - Equinox Container: e07b64c8-9864-4581-a801-4635139703f7" daemon [_thread_blocked, id=22544, stack(0x000000c553900000,0x000000c553a00000)]
  0x0000021041c53360 JavaThread "Equinox resolver thread - Equinox Container: e07b64c8-9864-4581-a801-4635139703f7" daemon [_thread_blocked, id=20632, stack(0x000000c553a00000,0x000000c553b00000)]
  0x0000021041c53c50 JavaThread "Equinox resolver thread - Equinox Container: e07b64c8-9864-4581-a801-4635139703f7" daemon [_thread_blocked, id=3152, stack(0x000000c553b00000,0x000000c553c00000)]
  0x0000021041d01f80 JavaThread "Equinox resolver thread - Equinox Container: e07b64c8-9864-4581-a801-4635139703f7" daemon [_thread_blocked, id=13912, stack(0x000000c553c00000,0x000000c553d00000)]
  0x0000021041d02490 JavaThread "Active Thread: Equinox Container: e07b64c8-9864-4581-a801-4635139703f7" [_thread_blocked, id=15712, stack(0x000000c553d00000,0x000000c553e00000)]
  0x0000021041d038d0 JavaThread "Framework Event Dispatcher: Equinox Container: e07b64c8-9864-4581-a801-4635139703f7" daemon [_thread_blocked, id=10732, stack(0x000000c553e00000,0x000000c553f00000)]
=>0x0000021041d03de0 JavaThread "Start Level: Equinox Container: e07b64c8-9864-4581-a801-4635139703f7" daemon [_thread_in_vm, id=23040, stack(0x000000c553f00000,0x000000c554000000)]
  0x0000021041d042f0 JavaThread "Refresh Thread: Equinox Container: e07b64c8-9864-4581-a801-4635139703f7" daemon [_thread_blocked, id=20548, stack(0x000000c554100000,0x000000c554200000)]
  0x0000021041d01050 JavaThread "Equinox resolver thread - Equinox Container: e07b64c8-9864-4581-a801-4635139703f7" daemon [_thread_blocked, id=13264, stack(0x000000c554200000,0x000000c554300000)]
  0x0000021041d029a0 JavaThread "Equinox resolver thread - Equinox Container: e07b64c8-9864-4581-a801-4635139703f7" daemon [_thread_blocked, id=3744, stack(0x000000c554300000,0x000000c554400000)]
  0x0000021041d02eb0 JavaThread "Equinox resolver thread - Equinox Container: e07b64c8-9864-4581-a801-4635139703f7" daemon [_thread_blocked, id=19788, stack(0x000000c554400000,0x000000c554500000)]
  0x0000021041d033c0 JavaThread "Equinox resolver thread - Equinox Container: e07b64c8-9864-4581-a801-4635139703f7" daemon [_thread_blocked, id=9504, stack(0x000000c554500000,0x000000c554600000)]
  0x0000021041d04800 JavaThread "Equinox resolver thread - Equinox Container: e07b64c8-9864-4581-a801-4635139703f7" daemon [_thread_blocked, id=21176, stack(0x000000c554600000,0x000000c554700000)]
  0x0000021041d01560 JavaThread "Equinox resolver thread - Equinox Container: e07b64c8-9864-4581-a801-4635139703f7" daemon [_thread_blocked, id=17756, stack(0x000000c554700000,0x000000c554800000)]
  0x0000021041d01a70 JavaThread "Bundle File Closer" daemon [_thread_blocked, id=17116, stack(0x000000c554800000,0x000000c554900000)]
  0x0000021042168910 JavaThread "SCR Component Actor" daemon [_thread_blocked, id=23100, stack(0x000000c554900000,0x000000c554a00000)]
  0x0000021042166090 JavaThread "SCR Component Registry" daemon [_thread_blocked, id=556, stack(0x000000c554c00000,0x000000c554d00000)]
  0x0000021042167ef0 JavaThread "Worker-JM" [_thread_blocked, id=22780, stack(0x000000c554d00000,0x000000c554e00000)]

Other Threads:
  0x0000021026f8e9e0 VMThread "VM Thread" [stack: 0x000000c552300000,0x000000c552400000] [id=6748]
  0x0000021041648b50 WatcherThread [stack: 0x000000c552f00000,0x000000c553000000] [id=1420]
  0x0000021026ef04a0 GCTaskThread "GC Thread#0" [stack: 0x000000c552200000,0x000000c552300000] [id=12624]
  0x0000021041f848b0 GCTaskThread "GC Thread#1" [stack: 0x000000c553100000,0x000000c553200000] [id=21960]
  0x0000021041a88eb0 GCTaskThread "GC Thread#2" [stack: 0x000000c553200000,0x000000c553300000] [id=12416]
  0x0000021041a89170 GCTaskThread "GC Thread#3" [stack: 0x000000c553300000,0x000000c553400000] [id=15580]
  0x0000021041b71c80 GCTaskThread "GC Thread#4" [stack: 0x000000c553400000,0x000000c553500000] [id=21000]
  0x0000021041b71f40 GCTaskThread "GC Thread#5" [stack: 0x000000c553500000,0x000000c553600000] [id=7636]
  0x0000021041967010 GCTaskThread "GC Thread#6" [stack: 0x000000c553600000,0x000000c553700000] [id=23028]
  0x0000021041fccda0 GCTaskThread "GC Thread#7" [stack: 0x000000c554000000,0x000000c554100000] [id=16236]
  0x00000210421d4b70 GCTaskThread "GC Thread#8" [stack: 0x000000c554a00000,0x000000c554b00000] [id=18540]
  0x00000210421d4e30 GCTaskThread "GC Thread#9" [stack: 0x000000c554b00000,0x000000c554c00000] [id=9848]

Threads with active compile tasks:

VM state: not at safepoint (normal execution)

VM Mutex/Monitor currently owned by a thread:  ([mutex/lock_event])
[0x0000021026ed5200] Metaspace_lock - owner thread: 0x0000021041d03de0

Heap address: 0x00000000c0000000, size: 1024 MB, Compressed Oops mode: 32-bit

CDS archive(s) not mapped
Compressed class space mapped at: 0x0000000100000000-0x0000000140000000, reserved size: 1073741824
Narrow klass base: 0x0000000000000000, Narrow klass shift: 3, Narrow klass range: 0x140000000

GC Precious Log:
 CPUs: 12 total, 12 available
 Memory: 8059M
 Large Page Support: Disabled
 NUMA Support: Disabled
 Compressed Oops: Enabled (32-bit)
 Alignments: Space 512K, Generation 512K, Heap 2M
 Heap Min Capacity: 100M
 Heap Initial Capacity: 100M
 Heap Max Capacity: 1G
 Pre-touch: Disabled
 Parallel Workers: 10

Heap:
 PSYoungGen      total 29696K, used 7326K [0x00000000eab00000, 0x00000000ece00000, 0x0000000100000000)
  eden space 25088K, 29% used [0x00000000eab00000,0x00000000eb2279c0,0x00000000ec380000)
  from space 4608K, 0% used [0x00000000ec980000,0x00000000ec980000,0x00000000ece00000)
  to   space 5120K, 0% used [0x00000000ec400000,0x00000000ec400000,0x00000000ec900000)
 ParOldGen       total 68608K, used 10642K [0x00000000c0000000, 0x00000000c4300000, 0x00000000eab00000)
  object space 68608K, 15% used [0x00000000c0000000,0x00000000c0a64a60,0x00000000c4300000)
 Metaspace       used 22271K, committed 22720K, reserved 1114112K
  class space    used 2253K, committed 2432K, reserved 1048576K

Card table byte_map: [0x0000021026870000,0x0000021026a80000] _byte_map_base: 0x0000021026270000

Marking Bits: (ParMarkBitMap*) 0x00007ffa18af83a0
 Begin Bits: [0x0000021038b50000, 0x0000021039b50000)
 End Bits:   [0x0000021039b50000, 0x000002103ab50000)

Polling page: 0x0000021024e20000

Metaspace:

Usage:
  Non-class:     19.55 MB used.
      Class:      2.20 MB used.
       Both:     21.75 MB used.

Virtual space:
  Non-class space:       64.00 MB reserved,      19.81 MB ( 31%) committed,  1 nodes.
      Class space:        1.00 GB reserved,       2.38 MB ( <1%) committed,  1 nodes.
             Both:        1.06 GB reserved,      22.19 MB (  2%) committed. 

Chunk freelists:
   Non-Class:  11.98 MB
       Class:  13.45 MB
        Both:  25.44 MB

MaxMetaspaceSize: unlimited
CompressedClassSpaceSize: 1.00 GB
Initial GC threshold: 21.00 MB
Current GC threshold: 35.00 MB
CDS: off
MetaspaceReclaimPolicy: balanced
 - commit_granule_bytes: 65536.
 - commit_granule_words: 8192.
 - virtual_space_node_default_size: 8388608.
 - enlarge_chunks_in_place: 1.
 - new_chunks_are_fully_committed: 0.
 - uncommit_free_chunks: 1.
 - use_allocation_guard: 0.
 - handle_deallocations: 1.


Internal statistics:

num_allocs_failed_limit: 3.
num_arena_births: 238.
num_arena_deaths: 0.
num_vsnodes_births: 2.
num_vsnodes_deaths: 0.
num_space_committed: 355.
num_space_uncommitted: 0.
num_chunks_returned_to_freelist: 3.
num_chunks_taken_from_freelist: 736.
num_chunk_merges: 3.
num_chunk_splits: 476.
num_chunks_enlarged: 326.
num_inconsistent_stats: 0.

CodeHeap 'non-profiled nmethods': size=120000Kb used=1211Kb max_used=1211Kb free=118789Kb
 bounds [0x0000021031620000, 0x0000021031890000, 0x0000021038b50000]
CodeHeap 'profiled nmethods': size=120000Kb used=6736Kb max_used=6736Kb free=113263Kb
 bounds [0x0000021029b50000, 0x000002102a1f0000, 0x0000021031080000]
CodeHeap 'non-nmethods': size=5760Kb used=1186Kb max_used=1215Kb free=4573Kb
 bounds [0x0000021031080000, 0x00000210312f0000, 0x0000021031620000]
 total_blobs=3631 nmethods=3147 adapters=398
 compilation: enabled
              stopped_count=0, restarted_count=0
 full_count=0

Compilation events (20 events):
Event: 3.109 Thread 0x00000210400a4990 nmethod 3142 0x000002102a1db310 code [0x000002102a1db6a0, 0x000002102a1dc998]
Event: 3.110 Thread 0x00000210400a4990 3143   !   3       org.eclipse.osgi.internal.loader.ModuleClassLoader::defineClass (138 bytes)
Event: 3.111 Thread 0x00000210400a4990 nmethod 3143 0x000002102a1dd010 code [0x000002102a1dd2c0, 0x000002102a1de048]
Event: 3.111 Thread 0x00000210400a4990 3144   !   3       org.eclipse.osgi.internal.loader.ModuleClassLoader::lockClassName (140 bytes)
Event: 3.111 Thread 0x00000210400a4990 nmethod 3144 0x000002102a1de810 code [0x000002102a1deae0, 0x000002102a1df9f8]
Event: 3.111 Thread 0x00000210400a4990 3145       3       org.eclipse.osgi.internal.weaving.WeavingHookConfigurator::recordClassDefine (65 bytes)
Event: 3.112 Thread 0x00000210400a4990 nmethod 3145 0x000002102a1e0290 code [0x000002102a1e04a0, 0x000002102a1e0b68]
Event: 3.112 Thread 0x00000210400a4990 3146       3       org.eclipse.osgi.internal.weaving.WovenClassImpl::setWeavingCompleted (53 bytes)
Event: 3.112 Thread 0x00000210400a4990 nmethod 3146 0x000002102a1e0d90 code [0x000002102a1e0f40, 0x000002102a1e11e8]
Event: 3.113 Thread 0x00000210400a4990 3147       3       java.util.WeakHashMap::remove (131 bytes)
Event: 3.114 Thread 0x00000210400a4990 nmethod 3147 0x000002102a1e1290 code [0x000002102a1e14c0, 0x000002102a1e1f58]
Event: 3.117 Thread 0x00000210400a4990 3148       3       org.eclipse.osgi.internal.weaving.DynamicImportList::size (10 bytes)
Event: 3.117 Thread 0x00000210400a4990 nmethod 3148 0x000002102a1e2390 code [0x000002102a1e2540, 0x000002102a1e2708]
Event: 3.117 Thread 0x00000210400a4990 3149       3       org.eclipse.osgi.container.ModuleContainer::checkAdminPermission (27 bytes)
Event: 3.118 Thread 0x00000210400a4990 nmethod 3149 0x000002102a1e2810 code [0x000002102a1e2a00, 0x000002102a1e2e78]
Event: 3.119 Thread 0x00000210400a4990 3150       3       java.lang.invoke.BoundMethodHandle::rebind (14 bytes)
Event: 3.119 Thread 0x00000210400a4990 nmethod 3150 0x000002102a1e3090 code [0x000002102a1e3280, 0x000002102a1e37e8]
Event: 3.120 Thread 0x00000210400a4990 3151       3       java.lang.invoke.BoundMethodHandle::tooComplex (27 bytes)
Event: 3.120 Thread 0x00000210400a4990 nmethod 3151 0x000002102a1e3a10 code [0x000002102a1e3be0, 0x000002102a1e4058]
Event: 3.120 Thread 0x00000210400a3090 nmethod 3127 0x000002103174c990 code [0x000002103174cba0, 0x000002103174de58]

GC Heap History (14 events):
Event: 0.971 GC heap before
{Heap before GC invocations=1 (full 0):
 PSYoungGen      total 29696K, used 25600K [0x00000000eab00000, 0x00000000ecc00000, 0x0000000100000000)
  eden space 25600K, 100% used [0x00000000eab00000,0x00000000ec400000,0x00000000ec400000)
  from space 4096K, 0% used [0x00000000ec800000,0x00000000ec800000,0x00000000ecc00000)
  to   space 4096K, 0% used [0x00000000ec400000,0x00000000ec400000,0x00000000ec800000)
 ParOldGen       total 68608K, used 0K [0x00000000c0000000, 0x00000000c4300000, 0x00000000eab00000)
  object space 68608K, 0% used [0x00000000c0000000,0x00000000c0000000,0x00000000c4300000)
 Metaspace       used 11196K, committed 11392K, reserved 1114112K
  class space    used 1123K, committed 1216K, reserved 1048576K
}
Event: 0.976 GC heap after
{Heap after GC invocations=1 (full 0):
 PSYoungGen      total 29696K, used 3161K [0x00000000eab00000, 0x00000000ecc00000, 0x0000000100000000)
  eden space 25600K, 0% used [0x00000000eab00000,0x00000000eab00000,0x00000000ec400000)
  from space 4096K, 77% used [0x00000000ec400000,0x00000000ec7164a0,0x00000000ec800000)
  to   space 4096K, 0% used [0x00000000ec800000,0x00000000ec800000,0x00000000ecc00000)
 ParOldGen       total 68608K, used 16K [0x00000000c0000000, 0x00000000c4300000, 0x00000000eab00000)
  object space 68608K, 0% used [0x00000000c0000000,0x00000000c0004000,0x00000000c4300000)
 Metaspace       used 11196K, committed 11392K, reserved 1114112K
  class space    used 1123K, committed 1216K, reserved 1048576K
}
Event: 1.544 GC heap before
{Heap before GC invocations=2 (full 0):
 PSYoungGen      total 29696K, used 28761K [0x00000000eab00000, 0x00000000ecc00000, 0x0000000100000000)
  eden space 25600K, 100% used [0x00000000eab00000,0x00000000ec400000,0x00000000ec400000)
  from space 4096K, 77% used [0x00000000ec400000,0x00000000ec7164a0,0x00000000ec800000)
  to   space 4096K, 0% used [0x00000000ec800000,0x00000000ec800000,0x00000000ecc00000)
 ParOldGen       total 68608K, used 16K [0x00000000c0000000, 0x00000000c4300000, 0x00000000eab00000)
  object space 68608K, 0% used [0x00000000c0000000,0x00000000c0004000,0x00000000c4300000)
 Metaspace       used 14062K, committed 14208K, reserved 1114112K
  class space    used 1404K, committed 1472K, reserved 1048576K
}
Event: 1.549 GC heap after
{Heap after GC invocations=2 (full 0):
 PSYoungGen      total 29696K, used 4065K [0x00000000eab00000, 0x00000000ecc00000, 0x0000000100000000)
  eden space 25600K, 0% used [0x00000000eab00000,0x00000000eab00000,0x00000000ec400000)
  from space 4096K, 99% used [0x00000000ec800000,0x00000000ecbf8530,0x00000000ecc00000)
  to   space 4096K, 0% used [0x00000000ec400000,0x00000000ec400000,0x00000000ec800000)
 ParOldGen       total 68608K, used 1100K [0x00000000c0000000, 0x00000000c4300000, 0x00000000eab00000)
  object space 68608K, 1% used [0x00000000c0000000,0x00000000c0113370,0x00000000c4300000)
 Metaspace       used 14062K, committed 14208K, reserved 1114112K
  class space    used 1404K, committed 1472K, reserved 1048576K
}
Event: 1.900 GC heap before
{Heap before GC invocations=3 (full 0):
 PSYoungGen      total 29696K, used 29665K [0x00000000eab00000, 0x00000000ecc00000, 0x0000000100000000)
  eden space 25600K, 100% used [0x00000000eab00000,0x00000000ec400000,0x00000000ec400000)
  from space 4096K, 99% used [0x00000000ec800000,0x00000000ecbf8530,0x00000000ecc00000)
  to   space 4096K, 0% used [0x00000000ec400000,0x00000000ec400000,0x00000000ec800000)
 ParOldGen       total 68608K, used 1100K [0x00000000c0000000, 0x00000000c4300000, 0x00000000eab00000)
  object space 68608K, 1% used [0x00000000c0000000,0x00000000c0113370,0x00000000c4300000)
 Metaspace       used 14521K, committed 14784K, reserved 1114112K
  class space    used 1437K, committed 1536K, reserved 1048576K
}
Event: 1.911 GC heap after
{Heap after GC invocations=3 (full 0):
 PSYoungGen      total 29696K, used 4064K [0x00000000eab00000, 0x00000000ecc00000, 0x0000000100000000)
  eden space 25600K, 0% used [0x00000000eab00000,0x00000000eab00000,0x00000000ec400000)
  from space 4096K, 99% used [0x00000000ec400000,0x00000000ec7f8110,0x00000000ec800000)
  to   space 4096K, 0% used [0x00000000ec800000,0x00000000ec800000,0x00000000ecc00000)
 ParOldGen       total 68608K, used 7757K [0x00000000c0000000, 0x00000000c4300000, 0x00000000eab00000)
  object space 68608K, 11% used [0x00000000c0000000,0x00000000c07935c8,0x00000000c4300000)
 Metaspace       used 14521K, committed 14784K, reserved 1114112K
  class space    used 1437K, committed 1536K, reserved 1048576K
}
Event: 2.535 GC heap before
{Heap before GC invocations=4 (full 0):
 PSYoungGen      total 29696K, used 29664K [0x00000000eab00000, 0x00000000ecc00000, 0x0000000100000000)
  eden space 25600K, 100% used [0x00000000eab00000,0x00000000ec400000,0x00000000ec400000)
  from space 4096K, 99% used [0x00000000ec400000,0x00000000ec7f8110,0x00000000ec800000)
  to   space 4096K, 0% used [0x00000000ec800000,0x00000000ec800000,0x00000000ecc00000)
 ParOldGen       total 68608K, used 7757K [0x00000000c0000000, 0x00000000c4300000, 0x00000000eab00000)
  object space 68608K, 11% used [0x00000000c0000000,0x00000000c07935c8,0x00000000c4300000)
 Metaspace       used 17102K, committed 17408K, reserved 1114112K
  class space    used 1720K, committed 1856K, reserved 1048576K
}
Event: 2.542 GC heap after
{Heap after GC invocations=4 (full 0):
 PSYoungGen      total 29696K, used 4089K [0x00000000eab00000, 0x00000000ecc00000, 0x0000000100000000)
  eden space 25600K, 0% used [0x00000000eab00000,0x00000000eab00000,0x00000000ec400000)
  from space 4096K, 99% used [0x00000000ec800000,0x00000000ecbfe718,0x00000000ecc00000)
  to   space 4096K, 0% used [0x00000000ec400000,0x00000000ec400000,0x00000000ec800000)
 ParOldGen       total 68608K, used 9745K [0x00000000c0000000, 0x00000000c4300000, 0x00000000eab00000)
  object space 68608K, 14% used [0x00000000c0000000,0x00000000c0984608,0x00000000c4300000)
 Metaspace       used 17102K, committed 17408K, reserved 1114112K
  class space    used 1720K, committed 1856K, reserved 1048576K
}
Event: 2.958 GC heap before
{Heap before GC invocations=5 (full 0):
 PSYoungGen      total 29696K, used 29689K [0x00000000eab00000, 0x00000000ecc00000, 0x0000000100000000)
  eden space 25600K, 100% used [0x00000000eab00000,0x00000000ec400000,0x00000000ec400000)
  from space 4096K, 99% used [0x00000000ec800000,0x00000000ecbfe718,0x00000000ecc00000)
  to   space 4096K, 0% used [0x00000000ec400000,0x00000000ec400000,0x00000000ec800000)
 ParOldGen       total 68608K, used 9745K [0x00000000c0000000, 0x00000000c4300000, 0x00000000eab00000)
  object space 68608K, 14% used [0x00000000c0000000,0x00000000c0984608,0x00000000c4300000)
 Metaspace       used 21115K, committed 21504K, reserved 1114112K
  class space    used 2121K, committed 2240K, reserved 1048576K
}
Event: 2.963 GC heap after
{Heap after GC invocations=5 (full 0):
 PSYoungGen      total 29184K, used 4064K [0x00000000eab00000, 0x00000000ecf80000, 0x0000000100000000)
  eden space 25088K, 0% used [0x00000000eab00000,0x00000000eab00000,0x00000000ec380000)
  from space 4096K, 99% used [0x00000000ec400000,0x00000000ec7f83d8,0x00000000ec800000)
  to   space 6144K, 0% used [0x00000000ec980000,0x00000000ec980000,0x00000000ecf80000)
 ParOldGen       total 68608K, used 11334K [0x00000000c0000000, 0x00000000c4300000, 0x00000000eab00000)
  object space 68608K, 16% used [0x00000000c0000000,0x00000000c0b11ba0,0x00000000c4300000)
 Metaspace       used 21115K, committed 21504K, reserved 1114112K
  class space    used 2121K, committed 2240K, reserved 1048576K
}
Event: 2.973 GC heap before
{Heap before GC invocations=6 (full 0):
 PSYoungGen      total 29184K, used 4359K [0x00000000eab00000, 0x00000000ecf80000, 0x0000000100000000)
  eden space 25088K, 1% used [0x00000000eab00000,0x00000000eab49bb8,0x00000000ec380000)
  from space 4096K, 99% used [0x00000000ec400000,0x00000000ec7f83d8,0x00000000ec800000)
  to   space 6144K, 0% used [0x00000000ec980000,0x00000000ec980000,0x00000000ecf80000)
 ParOldGen       total 68608K, used 11334K [0x00000000c0000000, 0x00000000c4300000, 0x00000000eab00000)
  object space 68608K, 16% used [0x00000000c0000000,0x00000000c0b11ba0,0x00000000c4300000)
 Metaspace       used 21143K, committed 21504K, reserved 1114112K
  class space    used 2127K, committed 2240K, reserved 1048576K
}
Event: 2.980 GC heap after
{Heap after GC invocations=6 (full 0):
 PSYoungGen      total 29696K, used 4174K [0x00000000eab00000, 0x00000000ece00000, 0x0000000100000000)
  eden space 25088K, 0% used [0x00000000eab00000,0x00000000eab00000,0x00000000ec380000)
  from space 4608K, 90% used [0x00000000ec980000,0x00000000ecd93be0,0x00000000ece00000)
  to   space 5120K, 0% used [0x00000000ec400000,0x00000000ec400000,0x00000000ec900000)
 ParOldGen       total 68608K, used 11334K [0x00000000c0000000, 0x00000000c4300000, 0x00000000eab00000)
  object space 68608K, 16% used [0x00000000c0000000,0x00000000c0b11ba0,0x00000000c4300000)
 Metaspace       used 21143K, committed 21504K, reserved 1114112K
  class space    used 2127K, committed 2240K, reserved 1048576K
}
Event: 2.980 GC heap before
{Heap before GC invocations=7 (full 1):
 PSYoungGen      total 29696K, used 4174K [0x00000000eab00000, 0x00000000ece00000, 0x0000000100000000)
  eden space 25088K, 0% used [0x00000000eab00000,0x00000000eab00000,0x00000000ec380000)
  from space 4608K, 90% used [0x00000000ec980000,0x00000000ecd93be0,0x00000000ece00000)
  to   space 5120K, 0% used [0x00000000ec400000,0x00000000ec400000,0x00000000ec900000)
 ParOldGen       total 68608K, used 11334K [0x00000000c0000000, 0x00000000c4300000, 0x00000000eab00000)
  object space 68608K, 16% used [0x00000000c0000000,0x00000000c0b11ba0,0x00000000c4300000)
 Metaspace       used 21143K, committed 21504K, reserved 1114112K
  class space    used 2127K, committed 2240K, reserved 1048576K
}
Event: 3.006 GC heap after
{Heap after GC invocations=7 (full 1):
 PSYoungGen      total 29696K, used 0K [0x00000000eab00000, 0x00000000ece00000, 0x0000000100000000)
  eden space 25088K, 0% used [0x00000000eab00000,0x00000000eab00000,0x00000000ec380000)
  from space 4608K, 0% used [0x00000000ec980000,0x00000000ec980000,0x00000000ece00000)
  to   space 5120K, 0% used [0x00000000ec400000,0x00000000ec400000,0x00000000ec900000)
 ParOldGen       total 68608K, used 10642K [0x00000000c0000000, 0x00000000c4300000, 0x00000000eab00000)
  object space 68608K, 15% used [0x00000000c0000000,0x00000000c0a64a60,0x00000000c4300000)
 Metaspace       used 21143K, committed 21504K, reserved 1114112K
  class space    used 2127K, committed 2240K, reserved 1048576K
}

Dll operation events (11 events):
Event: 0.012 Loaded shared library c:\Users\Kuniu\.vscode\extensions\redhat.java-1.22.1-win32-x64\jre\17.0.8.1-win32-x86_64\bin\java.dll
Event: 0.221 Loaded shared library c:\Users\Kuniu\.vscode\extensions\redhat.java-1.22.1-win32-x64\jre\17.0.8.1-win32-x86_64\bin\zip.dll
Event: 0.224 Loaded shared library C:\Users\Kuniu\.vscode\extensions\redhat.java-1.22.1-win32-x64\jre\17.0.8.1-win32-x86_64\bin\instrument.dll
Event: 0.241 Loaded shared library C:\Users\Kuniu\.vscode\extensions\redhat.java-1.22.1-win32-x64\jre\17.0.8.1-win32-x86_64\bin\net.dll
Event: 0.244 Loaded shared library C:\Users\Kuniu\.vscode\extensions\redhat.java-1.22.1-win32-x64\jre\17.0.8.1-win32-x86_64\bin\nio.dll
Event: 0.249 Loaded shared library C:\Users\Kuniu\.vscode\extensions\redhat.java-1.22.1-win32-x64\jre\17.0.8.1-win32-x86_64\bin\zip.dll
Event: 0.263 Loaded shared library C:\Users\Kuniu\.vscode\extensions\redhat.java-1.22.1-win32-x64\jre\17.0.8.1-win32-x86_64\bin\jimage.dll
Event: 0.316 Loaded shared library c:\Users\Kuniu\.vscode\extensions\redhat.java-1.22.1-win32-x64\jre\17.0.8.1-win32-x86_64\bin\verify.dll
Event: 1.786 Loaded shared library C:\Users\Kuniu\AppData\Roaming\Code\User\globalStorage\redhat.java\1.22.1\config_win\org.eclipse.equinox.launcher\org.eclipse.equinox.launcher.win32.win32.x86_64_1.2.700.v20221108-1024\eclipse_11801.dll
Event: 3.078 Loaded shared library C:\Users\Kuniu\.vscode\extensions\redhat.java-1.22.1-win32-x64\jre\17.0.8.1-win32-x86_64\bin\management.dll
Event: 3.082 Loaded shared library C:\Users\Kuniu\.vscode\extensions\redhat.java-1.22.1-win32-x64\jre\17.0.8.1-win32-x86_64\bin\management_ext.dll

Deoptimization events (20 events):
Event: 2.743 Thread 0x0000021041d03de0 DEOPT PACKING pc=0x000002102a0ba42e sp=0x000000c553ff8420
Event: 2.743 Thread 0x0000021041d03de0 DEOPT UNPACKING pc=0x00000210310d6e43 sp=0x000000c553ff78e0 mode 0
Event: 2.746 Thread 0x0000021041d03de0 DEOPT PACKING pc=0x000002102a0ba42e sp=0x000000c553ff87a0
Event: 2.746 Thread 0x0000021041d03de0 DEOPT UNPACKING pc=0x00000210310d6e43 sp=0x000000c553ff7c60 mode 0
Event: 2.811 Thread 0x0000021041d03de0 Uncommon trap: trap_request=0xffffff45 fr.pc=0x00000210317302f0 relative=0x0000000000000430
Event: 2.811 Thread 0x0000021041d03de0 Uncommon trap: reason=unstable_if action=reinterpret pc=0x00000210317302f0 method=com.sun.org.apache.xerces.internal.impl.XMLEntityScanner.scanLiteral(ILcom/sun/org/apache/xerces/internal/xni/XMLString;Z)I @ 299 c2
Event: 2.811 Thread 0x0000021041d03de0 DEOPT PACKING pc=0x00000210317302f0 sp=0x000000c553ffd8d0
Event: 2.811 Thread 0x0000021041d03de0 DEOPT UNPACKING pc=0x00000210310d66a3 sp=0x000000c553ffd860 mode 2
Event: 3.021 Thread 0x0000021041d03de0 Uncommon trap: trap_request=0xffffffc6 fr.pc=0x0000021031724e00 relative=0x0000000000001060
Event: 3.021 Thread 0x0000021041d03de0 Uncommon trap: reason=bimorphic_or_optimized_type_check action=maybe_recompile pc=0x0000021031724e00 method=java.util.Properties$LineReader.readLine()I @ 479 c2
Event: 3.021 Thread 0x0000021041d03de0 DEOPT PACKING pc=0x0000021031724e00 sp=0x000000c553ff8bc0
Event: 3.021 Thread 0x0000021041d03de0 DEOPT UNPACKING pc=0x00000210310d66a3 sp=0x000000c553ff8b50 mode 2
Event: 3.025 Thread 0x0000021041d03de0 Uncommon trap: trap_request=0xffffff45 fr.pc=0x0000021031651fec relative=0x0000000000000c4c
Event: 3.025 Thread 0x0000021041d03de0 Uncommon trap: reason=unstable_if action=reinterpret pc=0x0000021031651fec method=lombok.patcher.PatchScript.classMatches(Ljava/lang/String;Ljava/util/Collection;)Z @ 25 c2
Event: 3.025 Thread 0x0000021041d03de0 DEOPT PACKING pc=0x0000021031651fec sp=0x000000c553ff6bb0
Event: 3.025 Thread 0x0000021041d03de0 DEOPT UNPACKING pc=0x00000210310d66a3 sp=0x000000c553ff6b70 mode 2
Event: 3.087 Thread 0x0000021041d03de0 Uncommon trap: trap_request=0xffffff45 fr.pc=0x00000210316968e0 relative=0x0000000000000b20
Event: 3.087 Thread 0x0000021041d03de0 Uncommon trap: reason=unstable_if action=reinterpret pc=0x00000210316968e0 method=java.util.HashMap.putVal(ILjava/lang/Object;Ljava/lang/Object;ZZ)Ljava/lang/Object; @ 236 c2
Event: 3.087 Thread 0x0000021041d03de0 DEOPT PACKING pc=0x00000210316968e0 sp=0x000000c553ff8cd0
Event: 3.087 Thread 0x0000021041d03de0 DEOPT UNPACKING pc=0x00000210310d66a3 sp=0x000000c553ff8c58 mode 2

Classes unloaded (0 events):
No events

Classes redefined (0 events):
No events

Internal exceptions (20 events):
Event: 2.084 Thread 0x0000021041d03de0 Exception <a 'java/lang/NoSuchMethodError'{0x00000000eb3016e0}: 'java.lang.Object java.lang.invoke.DirectMethodHandle$Holder.invokeStaticInit(java.lang.Object)'> (0x00000000eb3016e0) 
thrown [s\src\hotspot\share\interpreter\linkResolver.cpp, line 759]
Event: 2.106 Thread 0x0000021041d03de0 Exception <a 'java/lang/NoSuchMethodError'{0x00000000eb39b230}: 'java.lang.Object java.lang.invoke.DirectMethodHandle$Holder.newInvokeSpecial(java.lang.Object, java.lang.Object, int, java.lang.Object)'> (0x00000000eb39b230) 
thrown [s\src\hotspot\share\interpreter\linkResolver.cpp, line 759]
Event: 2.106 Thread 0x0000021041d03de0 Exception <a 'java/lang/NoSuchMethodError'{0x00000000eb39f518}: 'java.lang.Object java.lang.invoke.DirectMethodHandle$Holder.invokeSpecial(java.lang.Object, java.lang.Object, java.lang.Object, int, java.lang.Object)'> (0x00000000eb39f518) 
thrown [s\src\hotspot\share\interpreter\linkResolver.cpp, line 759]
Event: 2.142 Thread 0x0000021041d03de0 Exception <a 'java/lang/NoSuchMethodError'{0x00000000eb53e6b8}: 'void java.lang.invoke.DirectMethodHandle$Holder.invokeSpecial(java.lang.Object, java.lang.Object, java.lang.Object)'> (0x00000000eb53e6b8) 
thrown [s\src\hotspot\share\interpreter\linkResolver.cpp, line 759]
Event: 2.160 Thread 0x0000021041d03de0 Exception <a 'java/lang/ClassNotFoundException'{0x00000000eb5bb5c8}: sun/util/logging/resources/spi/loggingProvider> (0x00000000eb5bb5c8) 
thrown [s\src\hotspot\share\classfile\systemDictionary.cpp, line 256]
Event: 2.784 Thread 0x0000021041d03de0 Exception <a 'java/io/FileNotFoundException'{0x00000000ebabbd10}> (0x00000000ebabbd10) 
thrown [s\src\hotspot\share\prims\jni.cpp, line 516]
Event: 2.797 Thread 0x0000021041d03de0 Exception <a 'java/lang/NullPointerException'{0x00000000ebb348c8}> (0x00000000ebb348c8) 
thrown [s\src\hotspot\share\interpreter\linkResolver.cpp, line 1350]
Event: 2.797 Thread 0x0000021041d03de0 Exception <a 'java/lang/NullPointerException'{0x00000000ebb350f0}> (0x00000000ebb350f0) 
thrown [s\src\hotspot\share\interpreter\linkResolver.cpp, line 1350]
Event: 2.901 Thread 0x0000021041d03de0 Exception <a 'java/lang/NoSuchMethodError'{0x00000000ebf31fb0}: 'java.lang.Object java.lang.invoke.Invokers$Holder.linkToTargetMethod(java.lang.Object, long, java.lang.Object)'> (0x00000000ebf31fb0) 
thrown [s\src\hotspot\share\interpreter\linkResolver.cpp, line 759]
Event: 2.941 Thread 0x0000021041d03de0 Exception <a 'java/lang/NoSuchMethodError'{0x00000000ec22ce48}: 'void java.lang.invoke.DirectMethodHandle$Holder.invokeInterface(java.lang.Object, java.lang.Object, java.lang.Object)'> (0x00000000ec22ce48) 
thrown [s\src\hotspot\share\interpreter\linkResolver.cpp, line 759]
Event: 3.042 Thread 0x0000021041d03de0 Exception <a 'java/lang/NoSuchMethodError'{0x00000000ead7b238}: 'java.lang.Object java.lang.invoke.DirectMethodHandle$Holder.invokeStatic(java.lang.Object, java.lang.Object, int)'> (0x00000000ead7b238) 
thrown [s\src\hotspot\share\interpreter\linkResolver.cpp, line 759]
Event: 3.042 Thread 0x0000021041d03de0 Exception <a 'java/lang/NoSuchMethodError'{0x00000000ead7fde8}: 'void java.lang.invoke.DirectMethodHandle$Holder.invokeStatic(java.lang.Object, java.lang.Object, int, java.lang.Object)'> (0x00000000ead7fde8) 
thrown [s\src\hotspot\share\interpreter\linkResolver.cpp, line 759]
Event: 3.043 Thread 0x0000021041d03de0 Exception <a 'java/lang/NoSuchMethodError'{0x00000000ead870b8}: 'void java.lang.invoke.DelegatingMethodHandle$Holder.delegate(java.lang.Object, java.lang.Object, int, java.lang.Object)'> (0x00000000ead870b8) 
thrown [s\src\hotspot\share\interpreter\linkResolver.cpp, line 759]
Event: 3.043 Thread 0x0000021041d03de0 Exception <a 'java/lang/NoSuchMethodError'{0x00000000ead989b8}: 'int java.lang.invoke.DirectMethodHandle$Holder.invokeStatic(java.lang.Object, java.lang.Object, int)'> (0x00000000ead989b8) 
thrown [s\src\hotspot\share\interpreter\linkResolver.cpp, line 759]
Event: 3.044 Thread 0x0000021041d03de0 Exception <a 'java/lang/NoSuchMethodError'{0x00000000ead9ccb8}: 'int java.lang.invoke.DirectMethodHandle$Holder.invokeSpecial(java.lang.Object, java.lang.Object, java.lang.Object, int)'> (0x00000000ead9ccb8) 
thrown [s\src\hotspot\share\interpreter\linkResolver.cpp, line 759]
Event: 3.044 Thread 0x0000021041d03de0 Exception <a 'java/lang/NoSuchMethodError'{0x00000000eadb8840}: 'java.lang.Object java.lang.invoke.DirectMethodHandle$Holder.invokeStatic(java.lang.Object, java.lang.Object, java.lang.Object, java.lang.Object, int)'> (0x00000000eadb8840) 
thrown [s\src\hotspot\share\interpreter\linkResolver.cpp, line 759]
Event: 3.045 Thread 0x0000021041d03de0 Exception <a 'java/lang/NoSuchMethodError'{0x00000000eadc4838}: 'java.lang.Object java.lang.invoke.DelegatingMethodHandle$Holder.reinvoke_L(java.lang.Object, java.lang.Object, java.lang.Object, java.lang.Object, int, int)'> (0x00000000eadc4838) 
thrown [s\src\hotspot\share\interpreter\linkResolver.cpp, line 759]
Event: 3.046 Thread 0x0000021041d03de0 Exception <a 'java/lang/NoSuchMethodError'{0x00000000eadd9130}: 'java.lang.Object java.lang.invoke.Invokers$Holder.invokeExact_MT(java.lang.Object, java.lang.Object, java.lang.Object, java.lang.Object)'> (0x00000000eadd9130) 
thrown [s\src\hotspot\share\interpreter\linkResolver.cpp, line 759]
Event: 3.074 Thread 0x0000021041d03de0 Exception <a 'java/io/FileNotFoundException'{0x00000000eaede948}> (0x00000000eaede948) 
thrown [s\src\hotspot\share\prims\jni.cpp, line 516]
Event: 3.075 Thread 0x0000021041d03de0 Exception <a 'java/io/FileNotFoundException'{0x00000000eaef92a0}> (0x00000000eaef92a0) 
thrown [s\src\hotspot\share\prims\jni.cpp, line 516]

VM Operations (20 events):
Event: 1.896 Executing VM operation: ParallelGCFailedAllocation
Event: 1.913 Executing VM operation: ParallelGCFailedAllocation done
Event: 1.963 Executing VM operation: HandshakeAllThreads
Event: 1.963 Executing VM operation: HandshakeAllThreads done
Event: 2.137 Executing VM operation: HandshakeAllThreads
Event: 2.137 Executing VM operation: HandshakeAllThreads done
Event: 2.180 Executing VM operation: HandshakeAllThreads
Event: 2.180 Executing VM operation: HandshakeAllThreads done
Event: 2.185 Executing VM operation: HandshakeAllThreads
Event: 2.185 Executing VM operation: HandshakeAllThreads done
Event: 2.535 Executing VM operation: ParallelGCFailedAllocation
Event: 2.542 Executing VM operation: ParallelGCFailedAllocation done
Event: 2.958 Executing VM operation: ParallelGCFailedAllocation
Event: 2.963 Executing VM operation: ParallelGCFailedAllocation done
Event: 2.973 Executing VM operation: CollectForMetadataAllocation
Event: 3.006 Executing VM operation: CollectForMetadataAllocation done
Event: 3.042 Executing VM operation: HandshakeAllThreads
Event: 3.042 Executing VM operation: HandshakeAllThreads done
Event: 3.124 Executing VM operation: HandshakeAllThreads
Event: 3.124 Executing VM operation: HandshakeAllThreads done

Events (20 events):
Event: 3.088 loading class java/util/stream/ReduceOps$2ReducingSink
Event: 3.088 loading class java/util/stream/ReduceOps$2ReducingSink done
Event: 3.088 loading class sun/management/RuntimeImpl
Event: 3.089 loading class sun/management/RuntimeImpl done
Event: 3.089 loading class java/util/Collections$2
Event: 3.089 loading class java/util/Collections$2 done
Event: 3.096 loading class sun/management/Util
Event: 3.097 loading class sun/management/Util done
Event: 3.097 loading class java/lang/management/ManagementPermission
Event: 3.097 loading class java/lang/management/ManagementPermission done
Event: 3.120 loading class java/util/stream/SortedOps
Event: 3.121 loading class java/util/stream/SortedOps done
Event: 3.121 loading class java/util/stream/SortedOps$OfRef
Event: 3.121 loading class java/util/stream/ReferencePipeline$StatefulOp
Event: 3.122 loading class java/util/stream/ReferencePipeline$StatefulOp done
Event: 3.122 loading class java/util/stream/SortedOps$OfRef done
Event: 3.124 loading class java/util/stream/SortedOps$RefSortingSink
Event: 3.125 loading class java/util/stream/SortedOps$AbstractRefSortingSink
Event: 3.126 loading class java/util/stream/SortedOps$AbstractRefSortingSink done
Event: 3.126 loading class java/util/stream/SortedOps$RefSortingSink done


Dynamic libraries:
0x00007ff723ef0000 - 0x00007ff723efe000 	c:\Users\Kuniu\.vscode\extensions\redhat.java-1.22.1-win32-x64\jre\17.0.8.1-win32-x86_64\bin\java.exe
0x00007ffa83d70000 - 0x00007ffa83f84000 	C:\WINDOWS\SYSTEM32\ntdll.dll
0x00007ffa829e0000 - 0x00007ffa82aa4000 	C:\WINDOWS\System32\KERNEL32.DLL
0x00007ffa81210000 - 0x00007ffa815b4000 	C:\WINDOWS\System32\KERNELBASE.dll
0x00007ffa818f0000 - 0x00007ffa81a01000 	C:\WINDOWS\System32\ucrtbase.dll
0x00007ffa7b510000 - 0x00007ffa7b527000 	c:\Users\Kuniu\.vscode\extensions\redhat.java-1.22.1-win32-x64\jre\17.0.8.1-win32-x86_64\bin\jli.dll
0x00007ffa7b210000 - 0x00007ffa7b229000 	c:\Users\Kuniu\.vscode\extensions\redhat.java-1.22.1-win32-x64\jre\17.0.8.1-win32-x86_64\bin\VCRUNTIME140.dll
0x00007ffa82ab0000 - 0x00007ffa82c5e000 	C:\WINDOWS\System32\USER32.dll
0x00007ffa81ad0000 - 0x00007ffa81af6000 	C:\WINDOWS\System32\win32u.dll
0x00007ffa65c90000 - 0x00007ffa65f23000 	C:\WINDOWS\WinSxS\amd64_microsoft.windows.common-controls_6595b64144ccf1df_6.0.22621.2215_none_270d72677387dfc3\COMCTL32.dll
0x00007ffa83360000 - 0x00007ffa83389000 	C:\WINDOWS\System32\GDI32.dll
0x00007ffa83390000 - 0x00007ffa83437000 	C:\WINDOWS\System32\msvcrt.dll
0x00007ffa817d0000 - 0x00007ffa818e8000 	C:\WINDOWS\System32\gdi32full.dll
0x00007ffa81730000 - 0x00007ffa817ca000 	C:\WINDOWS\System32\msvcp_win.dll
0x00007ffa82c60000 - 0x00007ffa82c91000 	C:\WINDOWS\System32\IMM32.DLL
0x00007ffa7b200000 - 0x00007ffa7b20c000 	c:\Users\Kuniu\.vscode\extensions\redhat.java-1.22.1-win32-x64\jre\17.0.8.1-win32-x86_64\bin\vcruntime140_1.dll
0x00007ffa55940000 - 0x00007ffa559d1000 	c:\Users\Kuniu\.vscode\extensions\redhat.java-1.22.1-win32-x64\jre\17.0.8.1-win32-x86_64\bin\msvcp140.dll
0x00007ffa17f70000 - 0x00007ffa18bbc000 	c:\Users\Kuniu\.vscode\extensions\redhat.java-1.22.1-win32-x64\jre\17.0.8.1-win32-x86_64\bin\server\jvm.dll
0x00007ffa825b0000 - 0x00007ffa82660000 	C:\WINDOWS\System32\ADVAPI32.dll
0x00007ffa823b0000 - 0x00007ffa82456000 	C:\WINDOWS\System32\sechost.dll
0x00007ffa82840000 - 0x00007ffa82957000 	C:\WINDOWS\System32\RPCRT4.dll
0x00007ffa7a010000 - 0x00007ffa7a044000 	C:\WINDOWS\SYSTEM32\WINMM.dll
0x00007ffa7b1f0000 - 0x00007ffa7b1f9000 	C:\WINDOWS\SYSTEM32\WSOCK32.dll
0x00007ffa7ffb0000 - 0x00007ffa7fffd000 	C:\WINDOWS\SYSTEM32\POWRPROF.dll
0x00007ffa790d0000 - 0x00007ffa790da000 	C:\WINDOWS\SYSTEM32\VERSION.dll
0x00007ffa81b00000 - 0x00007ffa81b71000 	C:\WINDOWS\System32\WS2_32.dll
0x00007ffa7ff70000 - 0x00007ffa7ff83000 	C:\WINDOWS\SYSTEM32\UMPDC.dll
0x00007ffa801d0000 - 0x00007ffa801e8000 	C:\WINDOWS\SYSTEM32\kernel.appcore.dll
0x00007ffa7b1e0000 - 0x00007ffa7b1ea000 	c:\Users\Kuniu\.vscode\extensions\redhat.java-1.22.1-win32-x64\jre\17.0.8.1-win32-x86_64\bin\jimage.dll
0x00007ffa7ea50000 - 0x00007ffa7ec7e000 	C:\WINDOWS\SYSTEM32\DBGHELP.DLL
0x00007ffa82cd0000 - 0x00007ffa8305a000 	C:\WINDOWS\System32\combase.dll
0x00007ffa82760000 - 0x00007ffa82837000 	C:\WINDOWS\System32\OLEAUT32.dll
0x00007ffa685f0000 - 0x00007ffa68622000 	C:\WINDOWS\SYSTEM32\dbgcore.DLL
0x00007ffa81190000 - 0x00007ffa8120a000 	C:\WINDOWS\System32\bcryptPrimitives.dll
0x00007ffa70f10000 - 0x00007ffa70f1e000 	c:\Users\Kuniu\.vscode\extensions\redhat.java-1.22.1-win32-x64\jre\17.0.8.1-win32-x86_64\bin\instrument.dll
0x00007ffa540e0000 - 0x00007ffa54105000 	c:\Users\Kuniu\.vscode\extensions\redhat.java-1.22.1-win32-x64\jre\17.0.8.1-win32-x86_64\bin\java.dll
0x00007ffa70ef0000 - 0x00007ffa70f08000 	c:\Users\Kuniu\.vscode\extensions\redhat.java-1.22.1-win32-x64\jre\17.0.8.1-win32-x86_64\bin\zip.dll
0x00007ffa81b80000 - 0x00007ffa823a3000 	C:\WINDOWS\System32\SHELL32.dll
0x00007ffa7f060000 - 0x00007ffa7f94a000 	C:\WINDOWS\SYSTEM32\windows.storage.dll
0x00007ffa7ef20000 - 0x00007ffa7f05e000 	C:\WINDOWS\SYSTEM32\wintypes.dll
0x00007ffa83c20000 - 0x00007ffa83d13000 	C:\WINDOWS\System32\SHCORE.dll
0x00007ffa824f0000 - 0x00007ffa8254e000 	C:\WINDOWS\System32\shlwapi.dll
0x00007ffa81050000 - 0x00007ffa81076000 	C:\WINDOWS\SYSTEM32\profapi.dll
0x00007ffa5ce20000 - 0x00007ffa5ce39000 	C:\Users\Kuniu\.vscode\extensions\redhat.java-1.22.1-win32-x64\jre\17.0.8.1-win32-x86_64\bin\net.dll
0x00007ffa7a050000 - 0x00007ffa7a187000 	C:\WINDOWS\SYSTEM32\WINHTTP.dll
0x00007ffa80690000 - 0x00007ffa806f9000 	C:\WINDOWS\system32\mswsock.dll
0x00007ffa540c0000 - 0x00007ffa540d5000 	C:\Users\Kuniu\.vscode\extensions\redhat.java-1.22.1-win32-x64\jre\17.0.8.1-win32-x86_64\bin\nio.dll
0x00007ffa540b0000 - 0x00007ffa540c0000 	c:\Users\Kuniu\.vscode\extensions\redhat.java-1.22.1-win32-x64\jre\17.0.8.1-win32-x86_64\bin\verify.dll
0x00007ffa54040000 - 0x00007ffa5407e000 	C:\Users\Kuniu\AppData\Roaming\Code\User\globalStorage\redhat.java\1.22.1\config_win\org.eclipse.equinox.launcher\org.eclipse.equinox.launcher.win32.win32.x86_64_1.2.700.v20221108-1024\eclipse_11801.dll
0x00007ffa83a80000 - 0x00007ffa83c1e000 	C:\WINDOWS\System32\ole32.dll
0x00007ffa540a0000 - 0x00007ffa540a9000 	C:\Users\Kuniu\.vscode\extensions\redhat.java-1.22.1-win32-x64\jre\17.0.8.1-win32-x86_64\bin\management.dll
0x00007ffa53ff0000 - 0x00007ffa53ffb000 	C:\Users\Kuniu\.vscode\extensions\redhat.java-1.22.1-win32-x64\jre\17.0.8.1-win32-x86_64\bin\management_ext.dll
0x00007ffa83100000 - 0x00007ffa83108000 	C:\WINDOWS\System32\PSAPI.DLL

dbghelp: loaded successfully - version: 4.0.5 - missing functions: none
symbol engine: initialized successfully - sym options: 0x614 - pdb path: .;c:\Users\Kuniu\.vscode\extensions\redhat.java-1.22.1-win32-x64\jre\17.0.8.1-win32-x86_64\bin;C:\WINDOWS\SYSTEM32;C:\WINDOWS\WinSxS\amd64_microsoft.windows.common-controls_6595b64144ccf1df_6.0.22621.2215_none_270d72677387dfc3;c:\Users\Kuniu\.vscode\extensions\redhat.java-1.22.1-win32-x64\jre\17.0.8.1-win32-x86_64\bin\server;C:\Users\Kuniu\AppData\Roaming\Code\User\globalStorage\redhat.java\1.22.1\config_win\org.eclipse.equinox.launcher\org.eclipse.equinox.launcher.win32.win32.x86_64_1.2.700.v20221108-1024

VM Arguments:
jvm_args: --add-modules=ALL-SYSTEM --add-opens=java.base/java.util=ALL-UNNAMED --add-opens=java.base/java.lang=ALL-UNNAMED --add-opens=java.base/sun.nio.fs=ALL-UNNAMED -Declipse.application=org.eclipse.jdt.ls.core.id1 -Dosgi.bundles.defaultStartLevel=4 -Declipse.product=org.eclipse.jdt.ls.core.product -Djava.import.generatesMetadataFilesAtProjectRoot=false -Dfile.encoding=utf8 -XX:+UseParallelGC -XX:GCTimeRatio=4 -XX:AdaptiveSizePolicyWeight=90 -Dsun.zip.disableMemoryMapping=true -Xmx1G -Xms100m -Xlog:disable -javaagent:c:\Users\Kuniu\.vscode\extensions\redhat.java-1.22.1-win32-x64\lombok\lombok-1.18.28.jar -XX:+HeapDumpOnOutOfMemoryError -XX:HeapDumpPath=c:\Users\Kuniu\AppData\Roaming\Code\User\workspaceStorage\64320ed83e70c17086abde906632f261\redhat.java -Daether.dependencyCollector.impl=bf 
java_command: c:\Users\Kuniu\.vscode\extensions\redhat.java-1.22.1-win32-x64\server\plugins\org.eclipse.equinox.launcher_1.6.500.v20230717-2134.jar -configuration c:\Users\Kuniu\AppData\Roaming\Code\User\globalStorage\redhat.java\1.22.1\config_win -data c:\Users\Kuniu\AppData\Roaming\Code\User\workspaceStorage\64320ed83e70c17086abde906632f261\redhat.java\jdt_ws
java_class_path (initial): c:\Users\Kuniu\.vscode\extensions\redhat.java-1.22.1-win32-x64\server\plugins\org.eclipse.equinox.launcher_1.6.500.v20230717-2134.jar
Launcher Type: SUN_STANDARD

[Global flags]
    uintx AdaptiveSizePolicyWeight                 = 90                                        {product} {command line}
     intx CICompilerCount                          = 4                                         {product} {ergonomic}
    uintx GCTimeRatio                              = 4                                         {product} {command line}
     bool HeapDumpOnOutOfMemoryError               = true                                   {manageable} {command line}
    ccstr HeapDumpPath                             = c:\Users\Kuniu\AppData\Roaming\Code\User\workspaceStorage\64320ed83e70c17086abde906632f261\redhat.java         {manageable} {command line}
   size_t InitialHeapSize                          = 104857600                                 {product} {command line}
   size_t MaxHeapSize                              = 1073741824                                {product} {command line}
   size_t MaxNewSize                               = 357564416                                 {product} {ergonomic}
   size_t MinHeapDeltaBytes                        = 524288                                    {product} {ergonomic}
   size_t MinHeapSize                              = 104857600                                 {product} {command line}
   size_t NewSize                                  = 34603008                                  {product} {ergonomic}
    uintx NonNMethodCodeHeapSize                   = 5839372                                {pd product} {ergonomic}
    uintx NonProfiledCodeHeapSize                  = 122909434                              {pd product} {ergonomic}
   size_t OldSize                                  = 70254592                                  {product} {ergonomic}
    uintx ProfiledCodeHeapSize                     = 122909434                              {pd product} {ergonomic}
    uintx ReservedCodeCacheSize                    = 251658240                              {pd product} {ergonomic}
     bool SegmentedCodeCache                       = true                                      {product} {ergonomic}
   size_t SoftMaxHeapSize                          = 1073741824                             {manageable} {ergonomic}
     bool UseCompressedClassPointers               = true                           {product lp64_product} {ergonomic}
     bool UseCompressedOops                        = true                           {product lp64_product} {ergonomic}
     bool UseLargePagesIndividualAllocation        = false                                  {pd product} {ergonomic}
     bool UseParallelGC                            = true                                      {product} {command line}

Logging:
Log output configuration:
 #0: stdout all=off uptime,level,tags
 #1: stderr all=off uptime,level,tags

Environment Variables:
PATH=C:\Program Files (x86)\Common Files\Oracle\Java\javapath;C:\Windows\system32;C:\Windows;C:\Windows\System32\Wbem;C:\Windows\System32\WindowsPowerShell\v1.0\;C:\Windows\System32\OpenSSH\;C:\Program Files (x86)\NVIDIA Corporation\PhysX\Common;C:\Program Files\NVIDIA Corporation\NVIDIA NvDLISR;C:\WINDOWS\system32;C:\WINDOWS;C:\WINDOWS\System32\Wbem;C:\WINDOWS\System32\WindowsPowerShell\v1.0\;C:\WINDOWS\System32\OpenSSH\;C:\Program Files\nodejs\;C:\Program Files\Git\cmd;C:\Users\Kuniu\AppData\Local\Microsoft\WindowsApps;;C:\Users\Kuniu\AppData\Local\Programs\Microsoft VS Code\bin;C:\Users\Kuniu\AppData\Roaming\npm
USERNAME=Kuniu
OS=Windows_NT
PROCESSOR_IDENTIFIER=Intel64 Family 6 Model 165 Stepping 2, GenuineIntel
TMP=C:\Users\Kuniu\AppData\Local\Temp
TEMP=C:\Users\Kuniu\AppData\Local\Temp



---------------  S Y S T E M  ---------------

OS:
 Windows 11 , 64 bit Build 22621 (10.0.22621.2215)
OS uptime: 2 days 0:22 hours
Hyper-V role detected

CPU: total 12 (initial active 12) (6 cores per cpu, 2 threads per core) family 6 model 165 stepping 2 microcode 0xf0, cx8, cmov, fxsr, ht, mmx, 3dnowpref, sse, sse2, sse3, ssse3, sse4.1, sse4.2, popcnt, lzcnt, tsc, tscinvbit, avx, avx2, aes, erms, clmul, bmi1, bmi2, adx, fma, vzeroupper, clflush, clflushopt, hv
Processor Information for all 12 processors :
  Max Mhz: 2592, Current Mhz: 2592, Mhz Limit: 2592

Memory: 4k page, system-wide physical 8059M (324M free)
TotalPageFile size 32635M (AvailPageFile size 5M)
current process WorkingSet (physical memory assigned to process): 123M, peak: 123M
current process commit charge ("private bytes"): 232M, peak: 232M

vm_info: OpenJDK 64-Bit Server VM (17.0.8.1+1) for windows-amd64 JRE (17.0.8.1+1), built on Aug 23 2023 15:29:17 by "admin" with MS VC++ 16.7 (VS2019)

END.
