#
# There is insufficient memory for the Java Runtime Environment to continue.
# Native memory allocation (malloc) failed to allocate 32744 bytes for ChunkPool::allocate
# Possible reasons:
#   The system is out of physical RAM or swap space
#   The process is running with CompressedOops enabled, and the Java Heap may be blocking the growth of the native heap
# Possible solutions:
#   Reduce memory load on the system
#   Increase physical memory or swap space
#   Check if swap backing store is full
#   Decrease Java heap size (-Xmx/-Xms)
#   Decrease number of Java threads
#   Decrease Java thread stack sizes (-Xss)
#   Set larger code cache with -XX:ReservedCodeCacheSize=
#   JVM is running with Unscaled Compressed Oops mode in which the Java heap is
#     placed in the first 4GB address space. The Java Heap base address is the
#     maximum limit for the native heap growth. Please use -XX:HeapBaseMinAddress
#     to set the Java Heap base and to place the Java Heap above 4GB virtual address.
# This output file may be truncated or incomplete.
#
#  Out of Memory Error (arena.cpp:78), pid=22176, tid=23084
#
# JRE version: OpenJDK Runtime Environment Temurin-17.0.8.1+1 (17.0.8.1+1) (build 17.0.8.1+1)
# Java VM: OpenJDK 64-Bit Server VM Temurin-17.0.8.1+1 (17.0.8.1+1, mixed mode, tiered, compressed oops, compressed class ptrs, parallel gc, windows-amd64)
# No core dump will be written. Minidumps are not enabled by default on client versions of Windows
#

---------------  S U M M A R Y ------------

Command Line: --add-modules=ALL-SYSTEM --add-opens=java.base/java.util=ALL-UNNAMED --add-opens=java.base/java.lang=ALL-UNNAMED --add-opens=java.base/sun.nio.fs=ALL-UNNAMED -Declipse.application=org.eclipse.jdt.ls.core.id1 -Dosgi.bundles.defaultStartLevel=4 -Declipse.product=org.eclipse.jdt.ls.core.product -Djava.import.generatesMetadataFilesAtProjectRoot=false -Dfile.encoding=utf8 -XX:+UseParallelGC -XX:GCTimeRatio=4 -XX:AdaptiveSizePolicyWeight=90 -Dsun.zip.disableMemoryMapping=true -Xmx1G -Xms100m -Xlog:disable -javaagent:c:\Users\Kuniu\.vscode\extensions\redhat.java-1.22.1-win32-x64\lombok\lombok-1.18.28.jar -XX:+HeapDumpOnOutOfMemoryError -XX:HeapDumpPath=c:\Users\Kuniu\AppData\Roaming\Code\User\workspaceStorage\64320ed83e70c17086abde906632f261\redhat.java -Daether.dependencyCollector.impl=bf c:\Users\Kuniu\.vscode\extensions\redhat.java-1.22.1-win32-x64\server\plugins\org.eclipse.equinox.launcher_1.6.500.v20230717-2134.jar -configuration c:\Users\Kuniu\AppData\Roaming\Code\User\globalStorage\redhat.java\1.22.1\config_win -data c:\Users\Kuniu\AppData\Roaming\Code\User\workspaceStorage\64320ed83e70c17086abde906632f261\redhat.java\jdt_ws

Host: Intel(R) Core(TM) i7-10750H CPU @ 2.60GHz, 12 cores, 7G,  Windows 11 , 64 bit Build 22621 (10.0.22621.2215)
Time: Thu Sep 21 22:21:48 2023 SE Asia Standard Time elapsed time: 0.480614 seconds (0d 0h 0m 0s)

---------------  T H R E A D  ---------------

Current thread (0x000001686b935b10):  JavaThread "C2 CompilerThread0" daemon [_thread_in_native, id=23084, stack(0x000000310f700000,0x000000310f800000)]


Current CompileTask:
C2:    480  442   !   4       java.lang.String::replace (258 bytes)

Stack: [0x000000310f700000,0x000000310f800000]
Native frames: (J=compiled Java code, j=interpreted, Vv=VM code, C=native code)
V  [jvm.dll+0x678b0a]
V  [jvm.dll+0x835e84]
V  [jvm.dll+0x83762e]
V  [jvm.dll+0x837c93]
V  [jvm.dll+0x24746f]
V  [jvm.dll+0xac42c]
V  [jvm.dll+0xac7dc]
V  [jvm.dll+0x2ae805]
V  [jvm.dll+0x581427]
V  [jvm.dll+0x222602]
V  [jvm.dll+0x2229df]
V  [jvm.dll+0x21ba55]
V  [jvm.dll+0x218f0b]
V  [jvm.dll+0x1a534d]
V  [jvm.dll+0x228d8a]
V  [jvm.dll+0x226dcc]
V  [jvm.dll+0x7ec09b]
V  [jvm.dll+0x7e64ca]
V  [jvm.dll+0x677955]
C  [ucrtbase.dll+0x29363]
C  [KERNEL32.DLL+0x1257d]
C  [ntdll.dll+0x5aa68]


---------------  P R O C E S S  ---------------

Threads class SMR info:
_java_thread_list=0x000001686bc5ee10, length=12, elements={
0x00000168529d8760, 0x000001686b915560, 0x000001686682ee90, 0x00000168668456b0,
0x00000168668461e0, 0x0000016866848720, 0x000001686b930ad0, 0x000001686b935b10,
0x000001686b936bc0, 0x000001686b93fca0, 0x0000016852a3eef0, 0x000001686bc61a00
}

Java Threads: ( => current thread )
  0x00000168529d8760 JavaThread "main" [_thread_in_Java, id=16380, stack(0x000000310ee00000,0x000000310ef00000)]
  0x000001686b915560 JavaThread "Reference Handler" daemon [_thread_blocked, id=16184, stack(0x000000310f100000,0x000000310f200000)]
  0x000001686682ee90 JavaThread "Finalizer" daemon [_thread_blocked, id=21124, stack(0x000000310f200000,0x000000310f300000)]
  0x00000168668456b0 JavaThread "Signal Dispatcher" daemon [_thread_blocked, id=21356, stack(0x000000310f300000,0x000000310f400000)]
  0x00000168668461e0 JavaThread "Attach Listener" daemon [_thread_blocked, id=22752, stack(0x000000310f400000,0x000000310f500000)]
  0x0000016866848720 JavaThread "Service Thread" daemon [_thread_blocked, id=20036, stack(0x000000310f500000,0x000000310f600000)]
  0x000001686b930ad0 JavaThread "Monitor Deflation Thread" daemon [_thread_blocked, id=15764, stack(0x000000310f600000,0x000000310f700000)]
=>0x000001686b935b10 JavaThread "C2 CompilerThread0" daemon [_thread_in_native, id=23084, stack(0x000000310f700000,0x000000310f800000)]
  0x000001686b936bc0 JavaThread "C1 CompilerThread0" daemon [_thread_blocked, id=22064, stack(0x000000310f800000,0x000000310f900000)]
  0x000001686b93fca0 JavaThread "Sweeper thread" daemon [_thread_blocked, id=21916, stack(0x000000310f900000,0x000000310fa00000)]
  0x0000016852a3eef0 JavaThread "Common-Cleaner" daemon [_thread_blocked, id=9852, stack(0x000000310fa00000,0x000000310fb00000)]
  0x000001686bc61a00 JavaThread "Notification Thread" daemon [_thread_blocked, id=10604, stack(0x000000310fb00000,0x000000310fc00000)]

Other Threads:
  0x000001686b902860 VMThread "VM Thread" [stack: 0x000000310f000000,0x000000310f100000] [id=13112]
  0x000001686bc61ee0 WatcherThread [stack: 0x000000310fc00000,0x000000310fd00000] [id=15100]
  0x00000168529ef930 GCTaskThread "GC Thread#0" [stack: 0x000000310ef00000,0x000000310f000000] [id=2376]

Threads with active compile tasks:
C2 CompilerThread0      502  442   !   4       java.lang.String::replace (258 bytes)
C1 CompilerThread0      502  488       3       java.util.zip.Inflater::ensureOpen (47 bytes)

VM state: not at safepoint (normal execution)

VM Mutex/Monitor currently owned by a thread:  ([mutex/lock_event])
[0x00000168529d33f0] CodeCache_lock - owner thread: 0x0000000000000000

Heap address: 0x00000000c0000000, size: 1024 MB, Compressed Oops mode: 32-bit

CDS archive(s) not mapped
Compressed class space mapped at: 0x0000000100000000-0x0000000140000000, reserved size: 1073741824
Narrow klass base: 0x0000000000000000, Narrow klass shift: 3, Narrow klass range: 0x140000000

GC Precious Log:
 CPUs: 12 total, 12 available
 Memory: 8059M
 Large Page Support: Disabled
 NUMA Support: Disabled
 Compressed Oops: Enabled (32-bit)
 Alignments: Space 512K, Generation 512K, Heap 2M
 Heap Min Capacity: 100M
 Heap Initial Capacity: 100M
 Heap Max Capacity: 1G
 Pre-touch: Disabled
 Parallel Workers: 10

Heap:
 PSYoungGen      total 29696K, used 11612K [0x00000000eab00000, 0x00000000ecc00000, 0x0000000100000000)
  eden space 25600K, 45% used [0x00000000eab00000,0x00000000eb6571c8,0x00000000ec400000)
  from space 4096K, 0% used [0x00000000ec800000,0x00000000ec800000,0x00000000ecc00000)
  to   space 4096K, 0% used [0x00000000ec400000,0x00000000ec400000,0x00000000ec800000)
 ParOldGen       total 68608K, used 0K [0x00000000c0000000, 0x00000000c4300000, 0x00000000eab00000)
  object space 68608K, 0% used [0x00000000c0000000,0x00000000c0000000,0x00000000c4300000)
 Metaspace       used 8472K, committed 8576K, reserved 1114112K
  class space    used 839K, committed 896K, reserved 1048576K

Card table byte_map: [0x0000016852370000,0x0000016852580000] _byte_map_base: 0x0000016851d70000

Marking Bits: (ParMarkBitMap*) 0x00007ffa18af83a0
 Begin Bits: [0x0000016864650000, 0x0000016865650000)
 End Bits:   [0x0000016865650000, 0x0000016866650000)

Polling page: 0x0000016850910000

Metaspace:

Usage:
  Non-class:      7.46 MB used.
      Class:    840.40 KB used.
       Both:      8.28 MB used.

Virtual space:
  Non-class space:       64.00 MB reserved,       7.50 MB ( 12%) committed,  1 nodes.
      Class space:        1.00 GB reserved,     896.00 KB ( <1%) committed,  1 nodes.
             Both:        1.06 GB reserved,       8.38 MB ( <1%) committed. 

Chunk freelists:
   Non-Class:  8.00 MB
       Class:  15.09 MB
        Both:  23.09 MB

MaxMetaspaceSize: unlimited
CompressedClassSpaceSize: 1.00 GB
Initial GC threshold: 21.00 MB
Current GC threshold: 21.00 MB
CDS: off
MetaspaceReclaimPolicy: balanced
 - commit_granule_bytes: 65536.
 - commit_granule_words: 8192.
 - virtual_space_node_default_size: 8388608.
 - enlarge_chunks_in_place: 1.
 - new_chunks_are_fully_committed: 0.
 - uncommit_free_chunks: 1.
 - use_allocation_guard: 0.
 - handle_deallocations: 1.


Internal statistics:

num_allocs_failed_limit: 0.
num_arena_births: 10.
num_arena_deaths: 0.
num_vsnodes_births: 2.
num_vsnodes_deaths: 0.
num_space_committed: 134.
num_space_uncommitted: 0.
num_chunks_returned_to_freelist: 0.
num_chunks_taken_from_freelist: 38.
num_chunk_merges: 0.
num_chunk_splits: 21.
num_chunks_enlarged: 17.
num_inconsistent_stats: 0.

CodeHeap 'non-profiled nmethods': size=120000Kb used=144Kb max_used=144Kb free=119855Kb
 bounds [0x000001685d120000, 0x000001685d390000, 0x0000016864650000]
CodeHeap 'profiled nmethods': size=120000Kb used=646Kb max_used=646Kb free=119353Kb
 bounds [0x0000016855650000, 0x00000168558c0000, 0x000001685cb80000]
CodeHeap 'non-nmethods': size=5760Kb used=1131Kb max_used=1137Kb free=4629Kb
 bounds [0x000001685cb80000, 0x000001685cdf0000, 0x000001685d120000]
 total_blobs=898 nmethods=480 adapters=333
 compilation: enabled
              stopped_count=0, restarted_count=0
 full_count=0

Compilation events (20 events):
Event: 0.467 Thread 0x000001686b935b10  443       4       jdk.internal.misc.Unsafe::allocateUninitializedArray (55 bytes)
Event: 0.468 Thread 0x000001686b935b10 nmethod 443 0x000001685d142810 code [0x000001685d1429a0, 0x000001685d142b78]
Event: 0.468 Thread 0x000001686b935b10  444       4       jdk.internal.misc.Unsafe::allocateUninitializedArray0 (90 bytes)
Event: 0.468 Thread 0x000001686b935b10 nmethod 444 0x000001685d143010 code [0x000001685d1431a0, 0x000001685d143378]
Event: 0.468 Thread 0x000001686b935b10  442   !   4       java.lang.String::replace (258 bytes)
Event: 0.469 Thread 0x000001686b936bc0  455   !   3       sun.instrument.TransformerManager::transform (100 bytes)
Event: 0.469 Thread 0x000001686b936bc0 nmethod 455 0x00000168556e4090 code [0x00000168556e4260, 0x00000168556e4708]
Event: 0.469 Thread 0x000001686b936bc0  454       3       sun.instrument.InstrumentationImpl::transform (73 bytes)
Event: 0.470 Thread 0x000001686b936bc0 nmethod 454 0x00000168556e4990 code [0x00000168556e4b60, 0x00000168556e4f08]
Event: 0.470 Thread 0x000001686b936bc0  456       3       lombok.eclipse.agent.EclipsePatcher$1::shouldTransform (79 bytes)
Event: 0.470 Thread 0x000001686b936bc0 nmethod 456 0x00000168556e5090 code [0x00000168556e5300, 0x00000168556e5ce8]
Event: 0.471 Thread 0x000001686b936bc0  459       3       java.math.BigInteger::destructiveMulAdd (150 bytes)
Event: 0.471 Thread 0x000001686b936bc0 nmethod 459 0x00000168556e6090 code [0x00000168556e6240, 0x00000168556e6598]
Event: 0.471 Thread 0x000001686b936bc0  461       3       sun.security.util.ObjectIdentifier::checkOtherComponent (41 bytes)
Event: 0.472 Thread 0x000001686b936bc0 nmethod 461 0x00000168556e6790 code [0x00000168556e69c0, 0x00000168556e70a8]
Event: 0.472 Thread 0x000001686b936bc0  463       3       java.io.ByteArrayOutputStream::ensureCapacity (32 bytes)
Event: 0.472 Thread 0x000001686b936bc0 nmethod 463 0x00000168556e7390 code [0x00000168556e7560, 0x00000168556e78d8]
Event: 0.472 Thread 0x000001686b936bc0  464       3       java.lang.Integer::numberOfLeadingZeros (79 bytes)
Event: 0.472 Thread 0x000001686b936bc0 nmethod 464 0x00000168556e7a90 code [0x00000168556e7c40, 0x00000168556e7f18]
Event: 0.472 Thread 0x000001686b936bc0  466       3       java.math.BigInteger::<init> (404 bytes)

GC Heap History (0 events):
No events

Dll operation events (8 events):
Event: 0.019 Loaded shared library c:\Users\Kuniu\.vscode\extensions\redhat.java-1.22.1-win32-x64\jre\17.0.8.1-win32-x86_64\bin\java.dll
Event: 0.190 Loaded shared library c:\Users\Kuniu\.vscode\extensions\redhat.java-1.22.1-win32-x64\jre\17.0.8.1-win32-x86_64\bin\zip.dll
Event: 0.194 Loaded shared library C:\Users\Kuniu\.vscode\extensions\redhat.java-1.22.1-win32-x64\jre\17.0.8.1-win32-x86_64\bin\instrument.dll
Event: 0.206 Loaded shared library C:\Users\Kuniu\.vscode\extensions\redhat.java-1.22.1-win32-x64\jre\17.0.8.1-win32-x86_64\bin\net.dll
Event: 0.211 Loaded shared library C:\Users\Kuniu\.vscode\extensions\redhat.java-1.22.1-win32-x64\jre\17.0.8.1-win32-x86_64\bin\nio.dll
Event: 0.224 Loaded shared library C:\Users\Kuniu\.vscode\extensions\redhat.java-1.22.1-win32-x64\jre\17.0.8.1-win32-x86_64\bin\zip.dll
Event: 0.237 Loaded shared library C:\Users\Kuniu\.vscode\extensions\redhat.java-1.22.1-win32-x64\jre\17.0.8.1-win32-x86_64\bin\jimage.dll
Event: 0.328 Loaded shared library c:\Users\Kuniu\.vscode\extensions\redhat.java-1.22.1-win32-x64\jre\17.0.8.1-win32-x86_64\bin\verify.dll

Deoptimization events (20 events):
Event: 0.420 Thread 0x00000168529d8760 DEOPT PACKING pc=0x000001685d12ee78 sp=0x000000310eefebc0
Event: 0.420 Thread 0x00000168529d8760 DEOPT UNPACKING pc=0x000001685cbd66a3 sp=0x000000310eefeb00 mode 2
Event: 0.421 Thread 0x00000168529d8760 DEOPT PACKING pc=0x0000016855669000 sp=0x000000310eefd510
Event: 0.421 Thread 0x00000168529d8760 DEOPT UNPACKING pc=0x000001685cbd6e43 sp=0x000000310eefc9d0 mode 0
Event: 0.422 Thread 0x00000168529d8760 DEOPT PACKING pc=0x0000016855669000 sp=0x000000310eefc5e0
Event: 0.422 Thread 0x00000168529d8760 DEOPT UNPACKING pc=0x000001685cbd6e43 sp=0x000000310eefbaa0 mode 0
Event: 0.424 Thread 0x00000168529d8760 DEOPT PACKING pc=0x0000016855669000 sp=0x000000310eefa5f0
Event: 0.424 Thread 0x00000168529d8760 DEOPT UNPACKING pc=0x000001685cbd6e43 sp=0x000000310eef9ab0 mode 0
Event: 0.425 Thread 0x00000168529d8760 DEOPT PACKING pc=0x0000016855669000 sp=0x000000310eef9570
Event: 0.425 Thread 0x00000168529d8760 DEOPT UNPACKING pc=0x000001685cbd6e43 sp=0x000000310eef8a30 mode 0
Event: 0.425 Thread 0x00000168529d8760 DEOPT PACKING pc=0x0000016855669000 sp=0x000000310eef9570
Event: 0.425 Thread 0x00000168529d8760 DEOPT UNPACKING pc=0x000001685cbd6e43 sp=0x000000310eef8a30 mode 0
Event: 0.439 Thread 0x00000168529d8760 Uncommon trap: trap_request=0xffffff45 fr.pc=0x000001685d12e350 relative=0x0000000000000670
Event: 0.439 Thread 0x00000168529d8760 Uncommon trap: reason=unstable_if action=reinterpret pc=0x000001685d12e350 method=java.util.HashMap.putVal(ILjava/lang/Object;Ljava/lang/Object;ZZ)Ljava/lang/Object; @ 181 c2
Event: 0.439 Thread 0x00000168529d8760 DEOPT PACKING pc=0x000001685d12e350 sp=0x000000310eefda00
Event: 0.439 Thread 0x00000168529d8760 DEOPT UNPACKING pc=0x000001685cbd66a3 sp=0x000000310eefd970 mode 2
Event: 0.464 Thread 0x00000168529d8760 Uncommon trap: trap_request=0xffffff45 fr.pc=0x000001685d1336c4 relative=0x00000000000000c4
Event: 0.464 Thread 0x00000168529d8760 Uncommon trap: reason=unstable_if action=reinterpret pc=0x000001685d1336c4 method=java.net.URI.match(CJJ)Z @ 45 c2
Event: 0.464 Thread 0x00000168529d8760 DEOPT PACKING pc=0x000001685d1336c4 sp=0x000000310eefc680
Event: 0.464 Thread 0x00000168529d8760 DEOPT UNPACKING pc=0x000001685cbd66a3 sp=0x000000310eefc608 mode 2

Classes unloaded (0 events):
No events

Classes redefined (0 events):
No events

Internal exceptions (2 events):
Event: 0.164 Thread 0x00000168529d8760 Exception <a 'java/lang/NoSuchMethodError'{0x00000000eacb2850}: 'void java.lang.invoke.DirectMethodHandle$Holder.invokeStatic(java.lang.Object, java.lang.Object, java.lang.Object)'> (0x00000000eacb2850) 
thrown [s\src\hotspot\share\interpreter\linkResolver.cpp, line 759]
Event: 0.358 Thread 0x00000168529d8760 Exception <a 'java/lang/reflect/InvocationTargetException'{0x00000000eaf79050}> (0x00000000eaf79050) 
thrown [s\src\hotspot\share\runtime\reflection.cpp, line 1121]

VM Operations (4 events):
Event: 0.168 Executing VM operation: HandshakeAllThreads
Event: 0.168 Executing VM operation: HandshakeAllThreads done
Event: 0.259 Executing VM operation: HandshakeAllThreads
Event: 0.259 Executing VM operation: HandshakeAllThreads done

Events (20 events):
Event: 0.469 loading class java/util/TreeMap$PrivateEntryIterator done
Event: 0.469 loading class java/util/TreeMap$KeyIterator done
Event: 0.469 loading class sun/security/util/DisabledAlgorithmConstraints$Constraints
Event: 0.469 loading class sun/security/util/DisabledAlgorithmConstraints$Constraints done
Event: 0.469 loading class sun/security/util/CurveDB
Event: 0.470 loading class sun/security/util/CurveDB done
Event: 0.470 loading class java/security/spec/ECFieldFp
Event: 0.470 loading class java/security/spec/ECField
Event: 0.470 loading class java/security/spec/ECField done
Event: 0.470 loading class java/security/spec/ECFieldFp done
Event: 0.470 loading class java/security/spec/EllipticCurve
Event: 0.470 loading class java/security/spec/EllipticCurve done
Event: 0.470 loading class java/security/spec/ECPoint
Event: 0.470 loading class java/security/spec/ECPoint done
Event: 0.470 loading class sun/security/util/NamedCurve
Event: 0.470 loading class java/security/spec/ECParameterSpec
Event: 0.471 loading class java/security/spec/ECParameterSpec done
Event: 0.471 loading class sun/security/util/NamedCurve done
Event: 0.472 loading class java/security/spec/ECFieldF2m
Event: 0.472 loading class java/security/spec/ECFieldF2m done


Dynamic libraries:
0x00007ff723ef0000 - 0x00007ff723efe000 	c:\Users\Kuniu\.vscode\extensions\redhat.java-1.22.1-win32-x64\jre\17.0.8.1-win32-x86_64\bin\java.exe
0x00007ffa83d70000 - 0x00007ffa83f84000 	C:\WINDOWS\SYSTEM32\ntdll.dll
0x00007ffa829e0000 - 0x00007ffa82aa4000 	C:\WINDOWS\System32\KERNEL32.DLL
0x00007ffa81210000 - 0x00007ffa815b4000 	C:\WINDOWS\System32\KERNELBASE.dll
0x00007ffa818f0000 - 0x00007ffa81a01000 	C:\WINDOWS\System32\ucrtbase.dll
0x00007ffa7b510000 - 0x00007ffa7b527000 	c:\Users\Kuniu\.vscode\extensions\redhat.java-1.22.1-win32-x64\jre\17.0.8.1-win32-x86_64\bin\jli.dll
0x00007ffa7b210000 - 0x00007ffa7b229000 	c:\Users\Kuniu\.vscode\extensions\redhat.java-1.22.1-win32-x64\jre\17.0.8.1-win32-x86_64\bin\VCRUNTIME140.dll
0x00007ffa82ab0000 - 0x00007ffa82c5e000 	C:\WINDOWS\System32\USER32.dll
0x00007ffa81ad0000 - 0x00007ffa81af6000 	C:\WINDOWS\System32\win32u.dll
0x00007ffa65c90000 - 0x00007ffa65f23000 	C:\WINDOWS\WinSxS\amd64_microsoft.windows.common-controls_6595b64144ccf1df_6.0.22621.2215_none_270d72677387dfc3\COMCTL32.dll
0x00007ffa83360000 - 0x00007ffa83389000 	C:\WINDOWS\System32\GDI32.dll
0x00007ffa83390000 - 0x00007ffa83437000 	C:\WINDOWS\System32\msvcrt.dll
0x00007ffa817d0000 - 0x00007ffa818e8000 	C:\WINDOWS\System32\gdi32full.dll
0x00007ffa81730000 - 0x00007ffa817ca000 	C:\WINDOWS\System32\msvcp_win.dll
0x00007ffa82c60000 - 0x00007ffa82c91000 	C:\WINDOWS\System32\IMM32.DLL
0x00007ffa7b200000 - 0x00007ffa7b20c000 	c:\Users\Kuniu\.vscode\extensions\redhat.java-1.22.1-win32-x64\jre\17.0.8.1-win32-x86_64\bin\vcruntime140_1.dll
0x00007ffa55940000 - 0x00007ffa559d1000 	c:\Users\Kuniu\.vscode\extensions\redhat.java-1.22.1-win32-x64\jre\17.0.8.1-win32-x86_64\bin\msvcp140.dll
0x00007ffa17f70000 - 0x00007ffa18bbc000 	c:\Users\Kuniu\.vscode\extensions\redhat.java-1.22.1-win32-x64\jre\17.0.8.1-win32-x86_64\bin\server\jvm.dll
0x00007ffa825b0000 - 0x00007ffa82660000 	C:\WINDOWS\System32\ADVAPI32.dll
0x00007ffa823b0000 - 0x00007ffa82456000 	C:\WINDOWS\System32\sechost.dll
0x00007ffa82840000 - 0x00007ffa82957000 	C:\WINDOWS\System32\RPCRT4.dll
0x00007ffa7a010000 - 0x00007ffa7a044000 	C:\WINDOWS\SYSTEM32\WINMM.dll
0x00007ffa7ffb0000 - 0x00007ffa7fffd000 	C:\WINDOWS\SYSTEM32\POWRPROF.dll
0x00007ffa790d0000 - 0x00007ffa790da000 	C:\WINDOWS\SYSTEM32\VERSION.dll
0x00007ffa7b1f0000 - 0x00007ffa7b1f9000 	C:\WINDOWS\SYSTEM32\WSOCK32.dll
0x00007ffa81b00000 - 0x00007ffa81b71000 	C:\WINDOWS\System32\WS2_32.dll
0x00007ffa7ff70000 - 0x00007ffa7ff83000 	C:\WINDOWS\SYSTEM32\UMPDC.dll
0x00007ffa801d0000 - 0x00007ffa801e8000 	C:\WINDOWS\SYSTEM32\kernel.appcore.dll
0x00007ffa7b1e0000 - 0x00007ffa7b1ea000 	c:\Users\Kuniu\.vscode\extensions\redhat.java-1.22.1-win32-x64\jre\17.0.8.1-win32-x86_64\bin\jimage.dll
0x00007ffa7ea50000 - 0x00007ffa7ec7e000 	C:\WINDOWS\SYSTEM32\DBGHELP.DLL
0x00007ffa82cd0000 - 0x00007ffa8305a000 	C:\WINDOWS\System32\combase.dll
0x00007ffa82760000 - 0x00007ffa82837000 	C:\WINDOWS\System32\OLEAUT32.dll
0x00007ffa685f0000 - 0x00007ffa68622000 	C:\WINDOWS\SYSTEM32\dbgcore.DLL
0x00007ffa81190000 - 0x00007ffa8120a000 	C:\WINDOWS\System32\bcryptPrimitives.dll
0x00007ffa70f10000 - 0x00007ffa70f1e000 	c:\Users\Kuniu\.vscode\extensions\redhat.java-1.22.1-win32-x64\jre\17.0.8.1-win32-x86_64\bin\instrument.dll
0x00007ffa540e0000 - 0x00007ffa54105000 	c:\Users\Kuniu\.vscode\extensions\redhat.java-1.22.1-win32-x64\jre\17.0.8.1-win32-x86_64\bin\java.dll
0x00007ffa70ef0000 - 0x00007ffa70f08000 	c:\Users\Kuniu\.vscode\extensions\redhat.java-1.22.1-win32-x64\jre\17.0.8.1-win32-x86_64\bin\zip.dll
0x00007ffa81b80000 - 0x00007ffa823a3000 	C:\WINDOWS\System32\SHELL32.dll
0x00007ffa7f060000 - 0x00007ffa7f94a000 	C:\WINDOWS\SYSTEM32\windows.storage.dll
0x00007ffa7ef20000 - 0x00007ffa7f05e000 	C:\WINDOWS\SYSTEM32\wintypes.dll
0x00007ffa83c20000 - 0x00007ffa83d13000 	C:\WINDOWS\System32\SHCORE.dll
0x00007ffa824f0000 - 0x00007ffa8254e000 	C:\WINDOWS\System32\shlwapi.dll
0x00007ffa81050000 - 0x00007ffa81076000 	C:\WINDOWS\SYSTEM32\profapi.dll
0x00007ffa5ce20000 - 0x00007ffa5ce39000 	C:\Users\Kuniu\.vscode\extensions\redhat.java-1.22.1-win32-x64\jre\17.0.8.1-win32-x86_64\bin\net.dll
0x00007ffa7a050000 - 0x00007ffa7a187000 	C:\WINDOWS\SYSTEM32\WINHTTP.dll
0x00007ffa80690000 - 0x00007ffa806f9000 	C:\WINDOWS\system32\mswsock.dll
0x00007ffa540c0000 - 0x00007ffa540d5000 	C:\Users\Kuniu\.vscode\extensions\redhat.java-1.22.1-win32-x64\jre\17.0.8.1-win32-x86_64\bin\nio.dll
0x00007ffa540b0000 - 0x00007ffa540c0000 	c:\Users\Kuniu\.vscode\extensions\redhat.java-1.22.1-win32-x64\jre\17.0.8.1-win32-x86_64\bin\verify.dll

dbghelp: loaded successfully - version: 4.0.5 - missing functions: none
symbol engine: initialized successfully - sym options: 0x614 - pdb path: .;c:\Users\Kuniu\.vscode\extensions\redhat.java-1.22.1-win32-x64\jre\17.0.8.1-win32-x86_64\bin;C:\WINDOWS\SYSTEM32;C:\WINDOWS\WinSxS\amd64_microsoft.windows.common-controls_6595b64144ccf1df_6.0.22621.2215_none_270d72677387dfc3;c:\Users\Kuniu\.vscode\extensions\redhat.java-1.22.1-win32-x64\jre\17.0.8.1-win32-x86_64\bin\server

VM Arguments:
jvm_args: --add-modules=ALL-SYSTEM --add-opens=java.base/java.util=ALL-UNNAMED --add-opens=java.base/java.lang=ALL-UNNAMED --add-opens=java.base/sun.nio.fs=ALL-UNNAMED -Declipse.application=org.eclipse.jdt.ls.core.id1 -Dosgi.bundles.defaultStartLevel=4 -Declipse.product=org.eclipse.jdt.ls.core.product -Djava.import.generatesMetadataFilesAtProjectRoot=false -Dfile.encoding=utf8 -XX:+UseParallelGC -XX:GCTimeRatio=4 -XX:AdaptiveSizePolicyWeight=90 -Dsun.zip.disableMemoryMapping=true -Xmx1G -Xms100m -Xlog:disable -javaagent:c:\Users\Kuniu\.vscode\extensions\redhat.java-1.22.1-win32-x64\lombok\lombok-1.18.28.jar -XX:+HeapDumpOnOutOfMemoryError -XX:HeapDumpPath=c:\Users\Kuniu\AppData\Roaming\Code\User\workspaceStorage\64320ed83e70c17086abde906632f261\redhat.java -Daether.dependencyCollector.impl=bf 
java_command: c:\Users\Kuniu\.vscode\extensions\redhat.java-1.22.1-win32-x64\server\plugins\org.eclipse.equinox.launcher_1.6.500.v20230717-2134.jar -configuration c:\Users\Kuniu\AppData\Roaming\Code\User\globalStorage\redhat.java\1.22.1\config_win -data c:\Users\Kuniu\AppData\Roaming\Code\User\workspaceStorage\64320ed83e70c17086abde906632f261\redhat.java\jdt_ws
java_class_path (initial): c:\Users\Kuniu\.vscode\extensions\redhat.java-1.22.1-win32-x64\server\plugins\org.eclipse.equinox.launcher_1.6.500.v20230717-2134.jar
Launcher Type: SUN_STANDARD

[Global flags]
    uintx AdaptiveSizePolicyWeight                 = 90                                        {product} {command line}
     intx CICompilerCount                          = 4                                         {product} {ergonomic}
    uintx GCTimeRatio                              = 4                                         {product} {command line}
     bool HeapDumpOnOutOfMemoryError               = true                                   {manageable} {command line}
    ccstr HeapDumpPath                             = c:\Users\Kuniu\AppData\Roaming\Code\User\workspaceStorage\64320ed83e70c17086abde906632f261\redhat.java         {manageable} {command line}
   size_t InitialHeapSize                          = 104857600                                 {product} {command line}
   size_t MaxHeapSize                              = 1073741824                                {product} {command line}
   size_t MaxNewSize                               = 357564416                                 {product} {ergonomic}
   size_t MinHeapDeltaBytes                        = 524288                                    {product} {ergonomic}
   size_t MinHeapSize                              = 104857600                                 {product} {command line}
   size_t NewSize                                  = 34603008                                  {product} {ergonomic}
    uintx NonNMethodCodeHeapSize                   = 5839372                                {pd product} {ergonomic}
    uintx NonProfiledCodeHeapSize                  = 122909434                              {pd product} {ergonomic}
   size_t OldSize                                  = 70254592                                  {product} {ergonomic}
    uintx ProfiledCodeHeapSize                     = 122909434                              {pd product} {ergonomic}
    uintx ReservedCodeCacheSize                    = 251658240                              {pd product} {ergonomic}
     bool SegmentedCodeCache                       = true                                      {product} {ergonomic}
   size_t SoftMaxHeapSize                          = 1073741824                             {manageable} {ergonomic}
     bool UseCompressedClassPointers               = true                           {product lp64_product} {ergonomic}
     bool UseCompressedOops                        = true                           {product lp64_product} {ergonomic}
     bool UseLargePagesIndividualAllocation        = false                                  {pd product} {ergonomic}
     bool UseParallelGC                            = true                                      {product} {command line}

Logging:
Log output configuration:
 #0: stdout all=off uptime,level,tags
 #1: stderr all=off uptime,level,tags

Environment Variables:
PATH=C:\Program Files (x86)\Common Files\Oracle\Java\javapath;C:\Windows\system32;C:\Windows;C:\Windows\System32\Wbem;C:\Windows\System32\WindowsPowerShell\v1.0\;C:\Windows\System32\OpenSSH\;C:\Program Files (x86)\NVIDIA Corporation\PhysX\Common;C:\Program Files\NVIDIA Corporation\NVIDIA NvDLISR;C:\WINDOWS\system32;C:\WINDOWS;C:\WINDOWS\System32\Wbem;C:\WINDOWS\System32\WindowsPowerShell\v1.0\;C:\WINDOWS\System32\OpenSSH\;C:\Program Files\nodejs\;C:\Program Files\Git\cmd;C:\Users\Kuniu\AppData\Local\Microsoft\WindowsApps;;C:\Users\Kuniu\AppData\Local\Programs\Microsoft VS Code\bin;C:\Users\Kuniu\AppData\Roaming\npm
USERNAME=Kuniu
OS=Windows_NT
PROCESSOR_IDENTIFIER=Intel64 Family 6 Model 165 Stepping 2, GenuineIntel
TMP=C:\Users\Kuniu\AppData\Local\Temp
TEMP=C:\Users\Kuniu\AppData\Local\Temp



---------------  S Y S T E M  ---------------

OS:
 Windows 11 , 64 bit Build 22621 (10.0.22621.2215)
OS uptime: 2 days 0:22 hours
Hyper-V role detected

CPU: total 12 (initial active 12) (6 cores per cpu, 2 threads per core) family 6 model 165 stepping 2 microcode 0xf0, cx8, cmov, fxsr, ht, mmx, 3dnowpref, sse, sse2, sse3, ssse3, sse4.1, sse4.2, popcnt, lzcnt, tsc, tscinvbit, avx, avx2, aes, erms, clmul, bmi1, bmi2, adx, fma, vzeroupper, clflush, clflushopt, hv
Processor Information for all 12 processors :
  Max Mhz: 2592, Current Mhz: 2592, Mhz Limit: 2592

Memory: 4k page, system-wide physical 8059M (336M free)
TotalPageFile size 32635M (AvailPageFile size 4M)
current process WorkingSet (physical memory assigned to process): 49M, peak: 49M
current process commit charge ("private bytes"): 197M, peak: 197M

vm_info: OpenJDK 64-Bit Server VM (17.0.8.1+1) for windows-amd64 JRE (17.0.8.1+1), built on Aug 23 2023 15:29:17 by "admin" with MS VC++ 16.7 (VS2019)

END.
